[2025-10-19T02:49:50.797+0000] {manager.py:483} INFO - Processing files using up to 1 processes at a time 
[2025-10-19T02:49:50.797+0000] {manager.py:484} INFO - Process each file at most once every 30 seconds
[2025-10-19T02:49:50.797+0000] {manager.py:485} INFO - Checking for new files in /opt/airflow/dags every 300 seconds
[2025-10-19T02:49:50.797+0000] {manager.py:821} INFO - Searching for files in /opt/airflow/dags
[2025-10-19T02:49:50.800+0000] {manager.py:824} INFO - There are 1 files in /opt/airflow/dags
[2025-10-19T02:49:52.084+0000] {manager.py:997} INFO - 
================================================================================
DAG File Processing Stats

File Path                           PID    Runtime      # DAGs    # Errors  Last Runtime    Last Run               Last # of DB Queries
----------------------------------  -----  ---------  --------  ----------  --------------  -------------------  ----------------------
/opt/airflow/dags/iot_daily_etl.py                           1           0  1.20s           2025-10-19T02:49:52                      45
================================================================================
[2025-10-19T02:50:23.164+0000] {manager.py:997} INFO - 
================================================================================
DAG File Processing Stats

File Path                           PID    Runtime      # DAGs    # Errors  Last Runtime    Last Run               Last # of DB Queries
----------------------------------  -----  ---------  --------  ----------  --------------  -------------------  ----------------------
/opt/airflow/dags/iot_daily_etl.py                           1           0  0.40s           2025-10-19T02:50:23                      12
================================================================================
[2025-10-19T02:50:54.187+0000] {manager.py:997} INFO - 
================================================================================
DAG File Processing Stats

File Path                           PID    Runtime      # DAGs    # Errors  Last Runtime    Last Run               Last # of DB Queries
----------------------------------  -----  ---------  --------  ----------  --------------  -------------------  ----------------------
/opt/airflow/dags/iot_daily_etl.py                           1           0  0.50s           2025-10-19T02:50:54                      12
================================================================================
[2025-10-19T02:51:24.999+0000] {manager.py:997} INFO - 
================================================================================
DAG File Processing Stats

File Path                           PID    Runtime      # DAGs    # Errors  Last Runtime    Last Run               Last # of DB Queries
----------------------------------  -----  ---------  --------  ----------  --------------  -------------------  ----------------------
/opt/airflow/dags/iot_daily_etl.py                           1           0  0.40s           2025-10-19T02:51:24                      12
================================================================================
[2025-10-19T02:51:55.903+0000] {manager.py:997} INFO - 
================================================================================
DAG File Processing Stats

File Path                           PID    Runtime      # DAGs    # Errors  Last Runtime    Last Run               Last # of DB Queries
----------------------------------  -----  ---------  --------  ----------  --------------  -------------------  ----------------------
/opt/airflow/dags/iot_daily_etl.py                           1           0  0.40s           2025-10-19T02:51:55                      12
================================================================================
[2025-10-19T02:52:26.886+0000] {manager.py:997} INFO - 
================================================================================
DAG File Processing Stats

File Path                           PID    Runtime      # DAGs    # Errors  Last Runtime    Last Run               Last # of DB Queries
----------------------------------  -----  ---------  --------  ----------  --------------  -------------------  ----------------------
/opt/airflow/dags/iot_daily_etl.py                           1           0  0.40s           2025-10-19T02:52:26                      12
================================================================================
[2025-10-19T02:52:57.919+0000] {manager.py:997} INFO - 
================================================================================
DAG File Processing Stats

File Path                           PID    Runtime      # DAGs    # Errors  Last Runtime    Last Run               Last # of DB Queries
----------------------------------  -----  ---------  --------  ----------  --------------  -------------------  ----------------------
/opt/airflow/dags/iot_daily_etl.py                           1           0  0.40s           2025-10-19T02:52:57                      12
================================================================================
[2025-10-19T02:53:28.854+0000] {manager.py:997} INFO - 
================================================================================
DAG File Processing Stats

File Path                           PID    Runtime      # DAGs    # Errors  Last Runtime    Last Run               Last # of DB Queries
----------------------------------  -----  ---------  --------  ----------  --------------  -------------------  ----------------------
/opt/airflow/dags/iot_daily_etl.py                           1           0  0.40s           2025-10-19T02:53:28                      12
================================================================================
[2025-10-19T02:53:59.790+0000] {manager.py:997} INFO - 
================================================================================
DAG File Processing Stats

File Path                           PID    Runtime      # DAGs    # Errors  Last Runtime    Last Run               Last # of DB Queries
----------------------------------  -----  ---------  --------  ----------  --------------  -------------------  ----------------------
/opt/airflow/dags/iot_daily_etl.py                           1           0  0.40s           2025-10-19T02:53:59                      12
================================================================================
[2025-10-19T02:54:30.777+0000] {manager.py:997} INFO - 
================================================================================
DAG File Processing Stats

File Path                           PID    Runtime      # DAGs    # Errors  Last Runtime    Last Run               Last # of DB Queries
----------------------------------  -----  ---------  --------  ----------  --------------  -------------------  ----------------------
/opt/airflow/dags/iot_daily_etl.py                           1           0  0.40s           2025-10-19T02:54:30                      12
================================================================================
[2025-10-19T02:54:51.234+0000] {manager.py:821} INFO - Searching for files in /opt/airflow/dags
[2025-10-19T02:54:51.235+0000] {manager.py:824} INFO - There are 1 files in /opt/airflow/dags
[2025-10-19T02:55:01.702+0000] {manager.py:997} INFO - 
================================================================================
DAG File Processing Stats

File Path                           PID    Runtime      # DAGs    # Errors  Last Runtime    Last Run               Last # of DB Queries
----------------------------------  -----  ---------  --------  ----------  --------------  -------------------  ----------------------
/opt/airflow/dags/iot_daily_etl.py                           1           0  0.40s           2025-10-19T02:55:01                      12
================================================================================
[2025-10-19T02:55:32.636+0000] {manager.py:997} INFO - 
================================================================================
DAG File Processing Stats

File Path                           PID    Runtime      # DAGs    # Errors  Last Runtime    Last Run               Last # of DB Queries
----------------------------------  -----  ---------  --------  ----------  --------------  -------------------  ----------------------
/opt/airflow/dags/iot_daily_etl.py                           1           0  0.40s           2025-10-19T02:55:32                      12
================================================================================
[2025-10-19T02:56:03.672+0000] {manager.py:997} INFO - 
================================================================================
DAG File Processing Stats

File Path                           PID    Runtime      # DAGs    # Errors  Last Runtime    Last Run               Last # of DB Queries
----------------------------------  -----  ---------  --------  ----------  --------------  -------------------  ----------------------
/opt/airflow/dags/iot_daily_etl.py                           1           0  0.40s           2025-10-19T02:56:03                      12
================================================================================
[2025-10-19T02:56:34.660+0000] {manager.py:997} INFO - 
================================================================================
DAG File Processing Stats

File Path                           PID    Runtime      # DAGs    # Errors  Last Runtime    Last Run               Last # of DB Queries
----------------------------------  -----  ---------  --------  ----------  --------------  -------------------  ----------------------
/opt/airflow/dags/iot_daily_etl.py                           1           0  0.40s           2025-10-19T02:56:34                      12
================================================================================
[2025-10-19T02:57:05.574+0000] {manager.py:997} INFO - 
================================================================================
DAG File Processing Stats

File Path                           PID    Runtime      # DAGs    # Errors  Last Runtime    Last Run               Last # of DB Queries
----------------------------------  -----  ---------  --------  ----------  --------------  -------------------  ----------------------
/opt/airflow/dags/iot_daily_etl.py                           1           0  0.40s           2025-10-19T02:57:05                      12
================================================================================
[2025-10-19T02:57:36.545+0000] {manager.py:997} INFO - 
================================================================================
DAG File Processing Stats

File Path                           PID    Runtime      # DAGs    # Errors  Last Runtime    Last Run               Last # of DB Queries
----------------------------------  -----  ---------  --------  ----------  --------------  -------------------  ----------------------
/opt/airflow/dags/iot_daily_etl.py                           1           0  0.40s           2025-10-19T02:57:36                      12
================================================================================
[2025-10-19T02:58:07.910+0000] {manager.py:997} INFO - 
================================================================================
DAG File Processing Stats

File Path                           PID    Runtime      # DAGs    # Errors  Last Runtime    Last Run               Last # of DB Queries
----------------------------------  -----  ---------  --------  ----------  --------------  -------------------  ----------------------
/opt/airflow/dags/iot_daily_etl.py                           1           0  0.70s           2025-10-19T02:58:07                      12
================================================================================
[2025-10-19T02:58:40.044+0000] {manager.py:997} INFO - 
================================================================================
DAG File Processing Stats

File Path                           PID    Runtime      # DAGs    # Errors  Last Runtime    Last Run               Last # of DB Queries
----------------------------------  -----  ---------  --------  ----------  --------------  -------------------  ----------------------
/opt/airflow/dags/iot_daily_etl.py                           1           0  0.50s           2025-10-19T02:58:38                      12
================================================================================
[2025-10-19T02:59:10.932+0000] {manager.py:997} INFO - 
================================================================================
DAG File Processing Stats

File Path                           PID    Runtime      # DAGs    # Errors  Last Runtime    Last Run               Last # of DB Queries
----------------------------------  -----  ---------  --------  ----------  --------------  -------------------  ----------------------
/opt/airflow/dags/iot_daily_etl.py                           1           0  0.40s           2025-10-19T02:59:09                      12
================================================================================
[2025-10-19T02:59:42.449+0000] {manager.py:997} INFO - 
================================================================================
DAG File Processing Stats

File Path                           PID    Runtime      # DAGs    # Errors  Last Runtime    Last Run               Last # of DB Queries
----------------------------------  -----  ---------  --------  ----------  --------------  -------------------  ----------------------
/opt/airflow/dags/iot_daily_etl.py                           1           0  0.40s           2025-10-19T02:59:40                      12
================================================================================
[2025-10-19T02:59:52.088+0000] {manager.py:821} INFO - Searching for files in /opt/airflow/dags
[2025-10-19T02:59:52.089+0000] {manager.py:824} INFO - There are 1 files in /opt/airflow/dags
[2025-10-19T03:00:13.469+0000] {manager.py:997} INFO - 
================================================================================
DAG File Processing Stats

File Path                           PID    Runtime      # DAGs    # Errors  Last Runtime    Last Run               Last # of DB Queries
----------------------------------  -----  ---------  --------  ----------  --------------  -------------------  ----------------------
/opt/airflow/dags/iot_daily_etl.py                           1           0  0.40s           2025-10-19T03:00:11                      12
================================================================================
[2025-10-19T03:00:44.509+0000] {manager.py:997} INFO - 
================================================================================
DAG File Processing Stats

File Path                           PID    Runtime      # DAGs    # Errors  Last Runtime    Last Run               Last # of DB Queries
----------------------------------  -----  ---------  --------  ----------  --------------  -------------------  ----------------------
/opt/airflow/dags/iot_daily_etl.py                           1           0  0.50s           2025-10-19T03:00:42                      12
================================================================================
[2025-10-19T03:01:15.413+0000] {manager.py:997} INFO - 
================================================================================
DAG File Processing Stats

File Path                           PID    Runtime      # DAGs    # Errors  Last Runtime    Last Run               Last # of DB Queries
----------------------------------  -----  ---------  --------  ----------  --------------  -------------------  ----------------------
/opt/airflow/dags/iot_daily_etl.py                           1           0  0.40s           2025-10-19T03:01:13                      12
================================================================================
[2025-10-19T03:01:46.460+0000] {manager.py:997} INFO - 
================================================================================
DAG File Processing Stats

File Path                           PID    Runtime      # DAGs    # Errors  Last Runtime    Last Run               Last # of DB Queries
----------------------------------  -----  ---------  --------  ----------  --------------  -------------------  ----------------------
/opt/airflow/dags/iot_daily_etl.py                           1           0  0.40s           2025-10-19T03:01:44                      12
================================================================================
[2025-10-19T03:02:17.589+0000] {manager.py:997} INFO - 
================================================================================
DAG File Processing Stats

File Path                           PID    Runtime      # DAGs    # Errors  Last Runtime    Last Run               Last # of DB Queries
----------------------------------  -----  ---------  --------  ----------  --------------  -------------------  ----------------------
/opt/airflow/dags/iot_daily_etl.py                           1           0  1.36s           2025-10-19T03:02:16                      12
================================================================================
[2025-10-19T03:02:49.993+0000] {manager.py:997} INFO - 
================================================================================
DAG File Processing Stats

File Path                           PID    Runtime      # DAGs    # Errors  Last Runtime    Last Run               Last # of DB Queries
----------------------------------  -----  ---------  --------  ----------  --------------  -------------------  ----------------------
/opt/airflow/dags/iot_daily_etl.py                           1           0  0.40s           2025-10-19T03:02:49                      12
================================================================================
[2025-10-19T03:03:21.652+0000] {manager.py:997} INFO - 
================================================================================
DAG File Processing Stats

File Path                           PID    Runtime      # DAGs    # Errors  Last Runtime    Last Run               Last # of DB Queries
----------------------------------  -----  ---------  --------  ----------  --------------  -------------------  ----------------------
/opt/airflow/dags/iot_daily_etl.py                           1           0  0.40s           2025-10-19T03:03:20                      12
================================================================================
[2025-10-19T03:03:52.656+0000] {manager.py:997} INFO - 
================================================================================
DAG File Processing Stats

File Path                           PID    Runtime      # DAGs    # Errors  Last Runtime    Last Run               Last # of DB Queries
----------------------------------  -----  ---------  --------  ----------  --------------  -------------------  ----------------------
/opt/airflow/dags/iot_daily_etl.py                           1           0  0.40s           2025-10-19T03:03:51                      12
================================================================================
[2025-10-19T03:04:23.676+0000] {manager.py:997} INFO - 
================================================================================
DAG File Processing Stats

File Path                           PID    Runtime      # DAGs    # Errors  Last Runtime    Last Run               Last # of DB Queries
----------------------------------  -----  ---------  --------  ----------  --------------  -------------------  ----------------------
/opt/airflow/dags/iot_daily_etl.py                           1           0  0.40s           2025-10-19T03:04:22                      12
================================================================================
[2025-10-19T03:04:52.218+0000] {manager.py:821} INFO - Searching for files in /opt/airflow/dags
[2025-10-19T03:04:52.219+0000] {manager.py:824} INFO - There are 1 files in /opt/airflow/dags
[2025-10-19T03:04:54.777+0000] {manager.py:997} INFO - 
================================================================================
DAG File Processing Stats

File Path                           PID    Runtime      # DAGs    # Errors  Last Runtime    Last Run               Last # of DB Queries
----------------------------------  -----  ---------  --------  ----------  --------------  -------------------  ----------------------
/opt/airflow/dags/iot_daily_etl.py                           1           0  0.50s           2025-10-19T03:04:53                      12
================================================================================
[2025-10-19T03:05:25.678+0000] {manager.py:997} INFO - 
================================================================================
DAG File Processing Stats

File Path                           PID    Runtime      # DAGs    # Errors  Last Runtime    Last Run               Last # of DB Queries
----------------------------------  -----  ---------  --------  ----------  --------------  -------------------  ----------------------
/opt/airflow/dags/iot_daily_etl.py                           1           0  0.40s           2025-10-19T03:05:24                      12
================================================================================
[2025-10-19T03:05:56.692+0000] {manager.py:997} INFO - 
================================================================================
DAG File Processing Stats

File Path                           PID    Runtime      # DAGs    # Errors  Last Runtime    Last Run               Last # of DB Queries
----------------------------------  -----  ---------  --------  ----------  --------------  -------------------  ----------------------
/opt/airflow/dags/iot_daily_etl.py                           1           0  0.40s           2025-10-19T03:05:55                      12
================================================================================
[2025-10-19T03:06:27.718+0000] {manager.py:997} INFO - 
================================================================================
DAG File Processing Stats

File Path                           PID    Runtime      # DAGs    # Errors  Last Runtime    Last Run               Last # of DB Queries
----------------------------------  -----  ---------  --------  ----------  --------------  -------------------  ----------------------
/opt/airflow/dags/iot_daily_etl.py                           1           0  0.40s           2025-10-19T03:06:26                      12
================================================================================
[2025-10-19T03:06:58.748+0000] {manager.py:997} INFO - 
================================================================================
DAG File Processing Stats

File Path                           PID    Runtime      # DAGs    # Errors  Last Runtime    Last Run               Last # of DB Queries
----------------------------------  -----  ---------  --------  ----------  --------------  -------------------  ----------------------
/opt/airflow/dags/iot_daily_etl.py                           1           0  0.40s           2025-10-19T03:06:57                      12
================================================================================
[2025-10-19T03:07:30.351+0000] {manager.py:997} INFO - 
================================================================================
DAG File Processing Stats

File Path                           PID    Runtime      # DAGs    # Errors  Last Runtime    Last Run               Last # of DB Queries
----------------------------------  -----  ---------  --------  ----------  --------------  -------------------  ----------------------
/opt/airflow/dags/iot_daily_etl.py                           1           0  0.50s           2025-10-19T03:07:18                      12
================================================================================
[2025-10-19T03:08:02.043+0000] {manager.py:997} INFO - 
================================================================================
DAG File Processing Stats

File Path                           PID    Runtime      # DAGs    # Errors  Last Runtime    Last Run               Last # of DB Queries
----------------------------------  -----  ---------  --------  ----------  --------------  -------------------  ----------------------
/opt/airflow/dags/iot_daily_etl.py                           1           0  0.50s           2025-10-19T03:07:49                      12
================================================================================
[2025-10-19T03:08:33.074+0000] {manager.py:997} INFO - 
================================================================================
DAG File Processing Stats

File Path                           PID    Runtime      # DAGs    # Errors  Last Runtime    Last Run               Last # of DB Queries
----------------------------------  -----  ---------  --------  ----------  --------------  -------------------  ----------------------
/opt/airflow/dags/iot_daily_etl.py                           1           0  0.40s           2025-10-19T03:08:20                      12
================================================================================
[2025-10-19T03:09:04.090+0000] {manager.py:997} INFO - 
================================================================================
DAG File Processing Stats

File Path                           PID    Runtime      # DAGs    # Errors  Last Runtime    Last Run               Last # of DB Queries
----------------------------------  -----  ---------  --------  ----------  --------------  -------------------  ----------------------
/opt/airflow/dags/iot_daily_etl.py                           1           0  0.50s           2025-10-19T03:08:51                      12
================================================================================
[2025-10-19T03:09:35.113+0000] {manager.py:997} INFO - 
================================================================================
DAG File Processing Stats

File Path                           PID    Runtime      # DAGs    # Errors  Last Runtime    Last Run               Last # of DB Queries
----------------------------------  -----  ---------  --------  ----------  --------------  -------------------  ----------------------
/opt/airflow/dags/iot_daily_etl.py                           1           0  0.40s           2025-10-19T03:09:22                      12
================================================================================
[2025-10-19T03:09:52.513+0000] {manager.py:821} INFO - Searching for files in /opt/airflow/dags
[2025-10-19T03:09:52.514+0000] {manager.py:824} INFO - There are 1 files in /opt/airflow/dags
[2025-10-19T03:10:06.493+0000] {manager.py:997} INFO - 
================================================================================
DAG File Processing Stats

File Path                           PID    Runtime      # DAGs    # Errors  Last Runtime    Last Run               Last # of DB Queries
----------------------------------  -----  ---------  --------  ----------  --------------  -------------------  ----------------------
/opt/airflow/dags/iot_daily_etl.py                           1           0  0.40s           2025-10-19T03:09:53                      12
================================================================================
[2025-10-19T03:10:37.541+0000] {manager.py:997} INFO - 
================================================================================
DAG File Processing Stats

File Path                           PID    Runtime      # DAGs    # Errors  Last Runtime    Last Run               Last # of DB Queries
----------------------------------  -----  ---------  --------  ----------  --------------  -------------------  ----------------------
/opt/airflow/dags/iot_daily_etl.py                           1           0  0.40s           2025-10-19T03:10:24                      12
================================================================================
[2025-10-19T03:11:08.575+0000] {manager.py:997} INFO - 
================================================================================
DAG File Processing Stats

File Path                           PID    Runtime      # DAGs    # Errors  Last Runtime    Last Run               Last # of DB Queries
----------------------------------  -----  ---------  --------  ----------  --------------  -------------------  ----------------------
/opt/airflow/dags/iot_daily_etl.py                           1           0  0.40s           2025-10-19T03:10:56                      12
================================================================================
[2025-10-19T03:11:39.611+0000] {manager.py:997} INFO - 
================================================================================
DAG File Processing Stats

File Path                           PID    Runtime      # DAGs    # Errors  Last Runtime    Last Run               Last # of DB Queries
----------------------------------  -----  ---------  --------  ----------  --------------  -------------------  ----------------------
/opt/airflow/dags/iot_daily_etl.py                           1           0  0.40s           2025-10-19T03:11:26                      12
================================================================================
[2025-10-19T03:12:10.645+0000] {manager.py:997} INFO - 
================================================================================
DAG File Processing Stats

File Path                           PID    Runtime      # DAGs    # Errors  Last Runtime    Last Run               Last # of DB Queries
----------------------------------  -----  ---------  --------  ----------  --------------  -------------------  ----------------------
/opt/airflow/dags/iot_daily_etl.py                           1           0  0.40s           2025-10-19T03:11:58                      12
================================================================================
[2025-10-19T03:12:41.701+0000] {manager.py:997} INFO - 
================================================================================
DAG File Processing Stats

File Path                           PID    Runtime      # DAGs    # Errors  Last Runtime    Last Run               Last # of DB Queries
----------------------------------  -----  ---------  --------  ----------  --------------  -------------------  ----------------------
/opt/airflow/dags/iot_daily_etl.py                           1           0  0.40s           2025-10-19T03:12:28                      12
================================================================================
[2025-10-19T03:13:12.744+0000] {manager.py:997} INFO - 
================================================================================
DAG File Processing Stats

File Path                           PID    Runtime      # DAGs    # Errors  Last Runtime    Last Run               Last # of DB Queries
----------------------------------  -----  ---------  --------  ----------  --------------  -------------------  ----------------------
/opt/airflow/dags/iot_daily_etl.py                           1           0  0.40s           2025-10-19T03:13:00                      12
================================================================================
[2025-10-19T03:13:43.747+0000] {manager.py:997} INFO - 
================================================================================
DAG File Processing Stats

File Path                           PID    Runtime      # DAGs    # Errors  Last Runtime    Last Run               Last # of DB Queries
----------------------------------  -----  ---------  --------  ----------  --------------  -------------------  ----------------------
/opt/airflow/dags/iot_daily_etl.py                           1           0  0.40s           2025-10-19T03:13:31                      12
================================================================================
[2025-10-19T03:14:14.806+0000] {manager.py:997} INFO - 
================================================================================
DAG File Processing Stats

File Path                           PID    Runtime      # DAGs    # Errors  Last Runtime    Last Run               Last # of DB Queries
----------------------------------  -----  ---------  --------  ----------  --------------  -------------------  ----------------------
/opt/airflow/dags/iot_daily_etl.py                           1           0  0.40s           2025-10-19T03:14:02                      12
================================================================================
[2025-10-19T03:14:45.824+0000] {manager.py:997} INFO - 
================================================================================
DAG File Processing Stats

File Path                           PID    Runtime      # DAGs    # Errors  Last Runtime    Last Run               Last # of DB Queries
----------------------------------  -----  ---------  --------  ----------  --------------  -------------------  ----------------------
/opt/airflow/dags/iot_daily_etl.py                           1           0  0.40s           2025-10-19T03:14:33                      12
================================================================================
[2025-10-19T03:14:52.734+0000] {manager.py:821} INFO - Searching for files in /opt/airflow/dags
[2025-10-19T03:14:52.735+0000] {manager.py:824} INFO - There are 1 files in /opt/airflow/dags
[2025-10-19T03:15:16.868+0000] {manager.py:997} INFO - 
================================================================================
DAG File Processing Stats

File Path                           PID    Runtime      # DAGs    # Errors  Last Runtime    Last Run               Last # of DB Queries
----------------------------------  -----  ---------  --------  ----------  --------------  -------------------  ----------------------
/opt/airflow/dags/iot_daily_etl.py                           1           0  0.41s           2025-10-19T03:15:04                      12
================================================================================
[2025-10-19T03:15:47.908+0000] {manager.py:997} INFO - 
================================================================================
DAG File Processing Stats

File Path                           PID    Runtime      # DAGs    # Errors  Last Runtime    Last Run               Last # of DB Queries
----------------------------------  -----  ---------  --------  ----------  --------------  -------------------  ----------------------
/opt/airflow/dags/iot_daily_etl.py                           1           0  0.40s           2025-10-19T03:15:35                      12
================================================================================
[2025-10-19T03:16:18.943+0000] {manager.py:997} INFO - 
================================================================================
DAG File Processing Stats

File Path                           PID    Runtime      # DAGs    # Errors  Last Runtime    Last Run               Last # of DB Queries
----------------------------------  -----  ---------  --------  ----------  --------------  -------------------  ----------------------
/opt/airflow/dags/iot_daily_etl.py                           1           0  0.40s           2025-10-19T03:16:06                      12
================================================================================
[2025-10-19T03:16:49.996+0000] {manager.py:997} INFO - 
================================================================================
DAG File Processing Stats

File Path                           PID    Runtime      # DAGs    # Errors  Last Runtime    Last Run               Last # of DB Queries
----------------------------------  -----  ---------  --------  ----------  --------------  -------------------  ----------------------
/opt/airflow/dags/iot_daily_etl.py                           1           0  0.40s           2025-10-19T03:16:37                      12
================================================================================
[2025-10-19T03:17:21.036+0000] {manager.py:997} INFO - 
================================================================================
DAG File Processing Stats

File Path                           PID    Runtime      # DAGs    # Errors  Last Runtime    Last Run               Last # of DB Queries
----------------------------------  -----  ---------  --------  ----------  --------------  -------------------  ----------------------
/opt/airflow/dags/iot_daily_etl.py                           1           0  0.40s           2025-10-19T03:17:08                      12
================================================================================
[2025-10-19T03:17:52.059+0000] {manager.py:997} INFO - 
================================================================================
DAG File Processing Stats

File Path                           PID    Runtime      # DAGs    # Errors  Last Runtime    Last Run               Last # of DB Queries
----------------------------------  -----  ---------  --------  ----------  --------------  -------------------  ----------------------
/opt/airflow/dags/iot_daily_etl.py                           1           0  0.41s           2025-10-19T03:17:39                      12
================================================================================
[2025-10-19T03:18:23.101+0000] {manager.py:997} INFO - 
================================================================================
DAG File Processing Stats

File Path                           PID    Runtime      # DAGs    # Errors  Last Runtime    Last Run               Last # of DB Queries
----------------------------------  -----  ---------  --------  ----------  --------------  -------------------  ----------------------
/opt/airflow/dags/iot_daily_etl.py                           1           0  0.40s           2025-10-19T03:18:10                      12
================================================================================
[2025-10-19T03:18:54.166+0000] {manager.py:997} INFO - 
================================================================================
DAG File Processing Stats

File Path                           PID    Runtime      # DAGs    # Errors  Last Runtime    Last Run               Last # of DB Queries
----------------------------------  -----  ---------  --------  ----------  --------------  -------------------  ----------------------
/opt/airflow/dags/iot_daily_etl.py                           1           0  0.50s           2025-10-19T03:18:41                      12
================================================================================
[2025-10-19T03:19:25.203+0000] {manager.py:997} INFO - 
================================================================================
DAG File Processing Stats

File Path                           PID    Runtime      # DAGs    # Errors  Last Runtime    Last Run               Last # of DB Queries
----------------------------------  -----  ---------  --------  ----------  --------------  -------------------  ----------------------
/opt/airflow/dags/iot_daily_etl.py                           1           0  0.40s           2025-10-19T03:19:12                      12
================================================================================
[2025-10-19T03:19:53.194+0000] {manager.py:821} INFO - Searching for files in /opt/airflow/dags
[2025-10-19T03:19:53.195+0000] {manager.py:824} INFO - There are 1 files in /opt/airflow/dags
[2025-10-19T03:19:56.147+0000] {manager.py:997} INFO - 
================================================================================
DAG File Processing Stats

File Path                           PID    Runtime      # DAGs    # Errors  Last Runtime    Last Run               Last # of DB Queries
----------------------------------  -----  ---------  --------  ----------  --------------  -------------------  ----------------------
/opt/airflow/dags/iot_daily_etl.py                           1           0  0.40s           2025-10-19T03:19:43                      12
================================================================================
[2025-10-19T03:20:27.102+0000] {manager.py:997} INFO - 
================================================================================
DAG File Processing Stats

File Path                           PID    Runtime      # DAGs    # Errors  Last Runtime    Last Run               Last # of DB Queries
----------------------------------  -----  ---------  --------  ----------  --------------  -------------------  ----------------------
/opt/airflow/dags/iot_daily_etl.py                           1           0  0.40s           2025-10-19T03:20:14                      12
================================================================================
[2025-10-19T03:20:58.054+0000] {manager.py:997} INFO - 
================================================================================
DAG File Processing Stats

File Path                           PID    Runtime      # DAGs    # Errors  Last Runtime    Last Run               Last # of DB Queries
----------------------------------  -----  ---------  --------  ----------  --------------  -------------------  ----------------------
/opt/airflow/dags/iot_daily_etl.py                           1           0  0.40s           2025-10-19T03:20:45                      12
================================================================================
[2025-10-19T03:21:29.003+0000] {manager.py:997} INFO - 
================================================================================
DAG File Processing Stats

File Path                           PID    Runtime      # DAGs    # Errors  Last Runtime    Last Run               Last # of DB Queries
----------------------------------  -----  ---------  --------  ----------  --------------  -------------------  ----------------------
/opt/airflow/dags/iot_daily_etl.py                           1           0  0.40s           2025-10-19T03:21:16                      12
================================================================================
[2025-10-19T03:21:59.936+0000] {manager.py:997} INFO - 
================================================================================
DAG File Processing Stats

File Path                           PID    Runtime      # DAGs    # Errors  Last Runtime    Last Run               Last # of DB Queries
----------------------------------  -----  ---------  --------  ----------  --------------  -------------------  ----------------------
/opt/airflow/dags/iot_daily_etl.py                           1           0  0.40s           2025-10-19T03:21:47                      12
================================================================================
[2025-10-19T03:22:30.920+0000] {manager.py:997} INFO - 
================================================================================
DAG File Processing Stats

File Path                           PID    Runtime      # DAGs    # Errors  Last Runtime    Last Run               Last # of DB Queries
----------------------------------  -----  ---------  --------  ----------  --------------  -------------------  ----------------------
/opt/airflow/dags/iot_daily_etl.py                           1           0  0.40s           2025-10-19T03:22:18                      12
================================================================================
[2025-10-19T03:23:01.874+0000] {manager.py:997} INFO - 
================================================================================
DAG File Processing Stats

File Path                           PID    Runtime      # DAGs    # Errors  Last Runtime    Last Run               Last # of DB Queries
----------------------------------  -----  ---------  --------  ----------  --------------  -------------------  ----------------------
/opt/airflow/dags/iot_daily_etl.py                           1           0  1.28s           2025-10-19T03:22:50                      12
================================================================================
[2025-10-19T03:23:32.840+0000] {manager.py:997} INFO - 
================================================================================
DAG File Processing Stats

File Path                           PID    Runtime      # DAGs    # Errors  Last Runtime    Last Run               Last # of DB Queries
----------------------------------  -----  ---------  --------  ----------  --------------  -------------------  ----------------------
/opt/airflow/dags/iot_daily_etl.py                           1           0  0.40s           2025-10-19T03:23:22                      12
================================================================================
[2025-10-19T03:24:03.753+0000] {manager.py:997} INFO - 
================================================================================
DAG File Processing Stats

File Path                           PID    Runtime      # DAGs    # Errors  Last Runtime    Last Run               Last # of DB Queries
----------------------------------  -----  ---------  --------  ----------  --------------  -------------------  ----------------------
/opt/airflow/dags/iot_daily_etl.py                           1           0  0.50s           2025-10-19T03:23:53                      12
================================================================================
[2025-10-19T03:24:34.764+0000] {manager.py:997} INFO - 
================================================================================
DAG File Processing Stats

File Path                           PID    Runtime      # DAGs    # Errors  Last Runtime    Last Run               Last # of DB Queries
----------------------------------  -----  ---------  --------  ----------  --------------  -------------------  ----------------------
/opt/airflow/dags/iot_daily_etl.py                           1           0  0.40s           2025-10-19T03:24:24                      12
================================================================================
[2025-10-19T03:24:54.859+0000] {manager.py:821} INFO - Searching for files in /opt/airflow/dags
[2025-10-19T03:24:54.860+0000] {manager.py:824} INFO - There are 1 files in /opt/airflow/dags
[2025-10-19T03:25:05.738+0000] {manager.py:997} INFO - 
================================================================================
DAG File Processing Stats

File Path                           PID    Runtime      # DAGs    # Errors  Last Runtime    Last Run               Last # of DB Queries
----------------------------------  -----  ---------  --------  ----------  --------------  -------------------  ----------------------
/opt/airflow/dags/iot_daily_etl.py                           1           0  0.40s           2025-10-19T03:24:55                      12
================================================================================
[2025-10-19T03:25:36.718+0000] {manager.py:997} INFO - 
================================================================================
DAG File Processing Stats

File Path                           PID    Runtime      # DAGs    # Errors  Last Runtime    Last Run               Last # of DB Queries
----------------------------------  -----  ---------  --------  ----------  --------------  -------------------  ----------------------
/opt/airflow/dags/iot_daily_etl.py                           1           0  0.40s           2025-10-19T03:25:26                      12
================================================================================
[2025-10-19T03:26:07.664+0000] {manager.py:997} INFO - 
================================================================================
DAG File Processing Stats

File Path                           PID    Runtime      # DAGs    # Errors  Last Runtime    Last Run               Last # of DB Queries
----------------------------------  -----  ---------  --------  ----------  --------------  -------------------  ----------------------
/opt/airflow/dags/iot_daily_etl.py                           1           0  0.40s           2025-10-19T03:25:57                      12
================================================================================
[2025-10-19T03:26:38.661+0000] {manager.py:997} INFO - 
================================================================================
DAG File Processing Stats

File Path                           PID    Runtime      # DAGs    # Errors  Last Runtime    Last Run               Last # of DB Queries
----------------------------------  -----  ---------  --------  ----------  --------------  -------------------  ----------------------
/opt/airflow/dags/iot_daily_etl.py                           1           0  0.40s           2025-10-19T03:26:28                      12
================================================================================
[2025-10-19T03:27:09.636+0000] {manager.py:997} INFO - 
================================================================================
DAG File Processing Stats

File Path                           PID    Runtime      # DAGs    # Errors  Last Runtime    Last Run               Last # of DB Queries
----------------------------------  -----  ---------  --------  ----------  --------------  -------------------  ----------------------
/opt/airflow/dags/iot_daily_etl.py                           1           0  0.40s           2025-10-19T03:26:59                      12
================================================================================
[2025-10-19T03:27:40.675+0000] {manager.py:997} INFO - 
================================================================================
DAG File Processing Stats

File Path                           PID    Runtime      # DAGs    # Errors  Last Runtime    Last Run               Last # of DB Queries
----------------------------------  -----  ---------  --------  ----------  --------------  -------------------  ----------------------
/opt/airflow/dags/iot_daily_etl.py                           1           0  0.40s           2025-10-19T03:27:30                      12
================================================================================
[2025-10-19T03:28:11.749+0000] {manager.py:997} INFO - 
================================================================================
DAG File Processing Stats

File Path                           PID    Runtime      # DAGs    # Errors  Last Runtime    Last Run               Last # of DB Queries
----------------------------------  -----  ---------  --------  ----------  --------------  -------------------  ----------------------
/opt/airflow/dags/iot_daily_etl.py                           1           0  0.40s           2025-10-19T03:28:01                      12
================================================================================
[2025-10-19T03:28:42.902+0000] {manager.py:997} INFO - 
================================================================================
DAG File Processing Stats

File Path                           PID    Runtime      # DAGs    # Errors  Last Runtime    Last Run               Last # of DB Queries
----------------------------------  -----  ---------  --------  ----------  --------------  -------------------  ----------------------
/opt/airflow/dags/iot_daily_etl.py                           1           0  0.40s           2025-10-19T03:28:32                      12
================================================================================
[2025-10-19T03:29:13.973+0000] {manager.py:997} INFO - 
================================================================================
DAG File Processing Stats

File Path                           PID    Runtime      # DAGs    # Errors  Last Runtime    Last Run               Last # of DB Queries
----------------------------------  -----  ---------  --------  ----------  --------------  -------------------  ----------------------
/opt/airflow/dags/iot_daily_etl.py                           1           0  0.40s           2025-10-19T03:29:03                      12
================================================================================
[2025-10-19T03:29:45.059+0000] {manager.py:997} INFO - 
================================================================================
DAG File Processing Stats

File Path                           PID    Runtime      # DAGs    # Errors  Last Runtime    Last Run               Last # of DB Queries
----------------------------------  -----  ---------  --------  ----------  --------------  -------------------  ----------------------
/opt/airflow/dags/iot_daily_etl.py                           1           0  0.40s           2025-10-19T03:29:35                      12
================================================================================
[2025-10-19T03:29:55.081+0000] {manager.py:821} INFO - Searching for files in /opt/airflow/dags
[2025-10-19T03:29:55.082+0000] {manager.py:824} INFO - There are 1 files in /opt/airflow/dags
[2025-10-19T03:30:16.321+0000] {manager.py:997} INFO - 
================================================================================
DAG File Processing Stats

File Path                           PID    Runtime      # DAGs    # Errors  Last Runtime    Last Run               Last # of DB Queries
----------------------------------  -----  ---------  --------  ----------  --------------  -------------------  ----------------------
/opt/airflow/dags/iot_daily_etl.py                           1           0  0.50s           2025-10-19T03:30:06                      12
================================================================================
[2025-10-19T03:30:47.460+0000] {manager.py:997} INFO - 
================================================================================
DAG File Processing Stats

File Path                           PID    Runtime      # DAGs    # Errors  Last Runtime    Last Run               Last # of DB Queries
----------------------------------  -----  ---------  --------  ----------  --------------  -------------------  ----------------------
/opt/airflow/dags/iot_daily_etl.py                           1           0  0.50s           2025-10-19T03:30:37                      12
================================================================================
[2025-10-19T03:31:18.442+0000] {manager.py:997} INFO - 
================================================================================
DAG File Processing Stats

File Path                           PID    Runtime      # DAGs    # Errors  Last Runtime    Last Run               Last # of DB Queries
----------------------------------  -----  ---------  --------  ----------  --------------  -------------------  ----------------------
/opt/airflow/dags/iot_daily_etl.py                           1           0  0.40s           2025-10-19T03:31:08                      12
================================================================================
[2025-10-19T03:31:49.529+0000] {manager.py:997} INFO - 
================================================================================
DAG File Processing Stats

File Path                           PID    Runtime      # DAGs    # Errors  Last Runtime    Last Run               Last # of DB Queries
----------------------------------  -----  ---------  --------  ----------  --------------  -------------------  ----------------------
/opt/airflow/dags/iot_daily_etl.py                           1           0  0.40s           2025-10-19T03:31:39                      12
================================================================================
[2025-10-19T03:32:20.662+0000] {manager.py:997} INFO - 
================================================================================
DAG File Processing Stats

File Path                           PID    Runtime      # DAGs    # Errors  Last Runtime    Last Run               Last # of DB Queries
----------------------------------  -----  ---------  --------  ----------  --------------  -------------------  ----------------------
/opt/airflow/dags/iot_daily_etl.py                           1           0  0.40s           2025-10-19T03:32:10                      12
================================================================================
[2025-10-19T03:32:51.829+0000] {manager.py:997} INFO - 
================================================================================
DAG File Processing Stats

File Path                           PID    Runtime      # DAGs    # Errors  Last Runtime    Last Run               Last # of DB Queries
----------------------------------  -----  ---------  --------  ----------  --------------  -------------------  ----------------------
/opt/airflow/dags/iot_daily_etl.py                           1           0  0.40s           2025-10-19T03:32:41                      12
================================================================================
[2025-10-19T03:33:22.898+0000] {manager.py:997} INFO - 
================================================================================
DAG File Processing Stats

File Path                           PID    Runtime      # DAGs    # Errors  Last Runtime    Last Run               Last # of DB Queries
----------------------------------  -----  ---------  --------  ----------  --------------  -------------------  ----------------------
/opt/airflow/dags/iot_daily_etl.py                           1           0  0.40s           2025-10-19T03:33:12                      12
================================================================================
[2025-10-19T03:33:54.009+0000] {manager.py:997} INFO - 
================================================================================
DAG File Processing Stats

File Path                           PID    Runtime      # DAGs    # Errors  Last Runtime    Last Run               Last # of DB Queries
----------------------------------  -----  ---------  --------  ----------  --------------  -------------------  ----------------------
/opt/airflow/dags/iot_daily_etl.py                           1           0  0.40s           2025-10-19T03:33:43                      12
================================================================================
[2025-10-19T03:34:25.146+0000] {manager.py:997} INFO - 
================================================================================
DAG File Processing Stats

File Path                           PID    Runtime      # DAGs    # Errors  Last Runtime    Last Run               Last # of DB Queries
----------------------------------  -----  ---------  --------  ----------  --------------  -------------------  ----------------------
/opt/airflow/dags/iot_daily_etl.py                           1           0  0.40s           2025-10-19T03:34:15                      12
================================================================================
[2025-10-19T03:34:55.910+0000] {manager.py:821} INFO - Searching for files in /opt/airflow/dags
[2025-10-19T03:34:55.911+0000] {manager.py:824} INFO - There are 1 files in /opt/airflow/dags
[2025-10-19T03:34:56.389+0000] {manager.py:997} INFO - 
================================================================================
DAG File Processing Stats

File Path                           PID    Runtime      # DAGs    # Errors  Last Runtime    Last Run               Last # of DB Queries
----------------------------------  -----  ---------  --------  ----------  --------------  -------------------  ----------------------
/opt/airflow/dags/iot_daily_etl.py                           1           0  0.50s           2025-10-19T03:34:46                      12
================================================================================
[2025-10-19T03:35:27.386+0000] {manager.py:997} INFO - 
================================================================================
DAG File Processing Stats

File Path                           PID    Runtime      # DAGs    # Errors  Last Runtime    Last Run               Last # of DB Queries
----------------------------------  -----  ---------  --------  ----------  --------------  -------------------  ----------------------
/opt/airflow/dags/iot_daily_etl.py                           1           0  0.40s           2025-10-19T03:35:17                      12
================================================================================
[2025-10-19T03:35:58.499+0000] {manager.py:997} INFO - 
================================================================================
DAG File Processing Stats

File Path                           PID    Runtime      # DAGs    # Errors  Last Runtime    Last Run               Last # of DB Queries
----------------------------------  -----  ---------  --------  ----------  --------------  -------------------  ----------------------
/opt/airflow/dags/iot_daily_etl.py                           1           0  0.40s           2025-10-19T03:35:48                      12
================================================================================
[2025-10-19T03:36:29.076+0000] {manager.py:997} INFO - 
================================================================================
DAG File Processing Stats

File Path                           PID    Runtime      # DAGs    # Errors  Last Runtime    Last Run               Last # of DB Queries
----------------------------------  -----  ---------  --------  ----------  --------------  -------------------  ----------------------
/opt/airflow/dags/iot_daily_etl.py                           1           0  0.40s           2025-10-19T03:36:19                      12
================================================================================
[2025-10-19T03:37:00.337+0000] {manager.py:997} INFO - 
================================================================================
DAG File Processing Stats

File Path                           PID    Runtime      # DAGs    # Errors  Last Runtime    Last Run               Last # of DB Queries
----------------------------------  -----  ---------  --------  ----------  --------------  -------------------  ----------------------
/opt/airflow/dags/iot_daily_etl.py                           1           0  0.40s           2025-10-19T03:36:50                      12
================================================================================
[2025-10-19T03:37:31.429+0000] {manager.py:997} INFO - 
================================================================================
DAG File Processing Stats

File Path                           PID    Runtime      # DAGs    # Errors  Last Runtime    Last Run               Last # of DB Queries
----------------------------------  -----  ---------  --------  ----------  --------------  -------------------  ----------------------
/opt/airflow/dags/iot_daily_etl.py                           1           0  0.40s           2025-10-19T03:37:21                      12
================================================================================
[2025-10-19T03:38:02.530+0000] {manager.py:997} INFO - 
================================================================================
DAG File Processing Stats

File Path                           PID    Runtime      # DAGs    # Errors  Last Runtime    Last Run               Last # of DB Queries
----------------------------------  -----  ---------  --------  ----------  --------------  -------------------  ----------------------
/opt/airflow/dags/iot_daily_etl.py                           1           0  0.40s           2025-10-19T03:37:52                      12
================================================================================
[2025-10-19T03:38:33.656+0000] {manager.py:997} INFO - 
================================================================================
DAG File Processing Stats

File Path                           PID    Runtime      # DAGs    # Errors  Last Runtime    Last Run               Last # of DB Queries
----------------------------------  -----  ---------  --------  ----------  --------------  -------------------  ----------------------
/opt/airflow/dags/iot_daily_etl.py                           1           0  0.40s           2025-10-19T03:38:23                      12
================================================================================
