[2025-10-19T02:49:50.890+0000] {processor.py:186} INFO - Started process (PID=77) to work on /opt/airflow/dags/iot_daily_etl.py
[2025-10-19T02:49:50.891+0000] {processor.py:914} INFO - Processing file /opt/airflow/dags/iot_daily_etl.py for tasks to queue
[2025-10-19T02:49:50.894+0000] {logging_mixin.py:190} INFO - [2025-10-19T02:49:50.894+0000] {dagbag.py:588} INFO - Filling up the DagBag from /opt/airflow/dags/iot_daily_etl.py
[2025-10-19T02:49:51.910+0000] {processor.py:925} INFO - DAG(s) 'iot_daily_etl' retrieved from /opt/airflow/dags/iot_daily_etl.py
[2025-10-19T02:49:51.989+0000] {logging_mixin.py:190} INFO - [2025-10-19T02:49:51.988+0000] {override.py:1900} INFO - Created Permission View: can delete on DAG:iot_daily_etl
[2025-10-19T02:49:51.997+0000] {logging_mixin.py:190} INFO - [2025-10-19T02:49:51.997+0000] {override.py:1900} INFO - Created Permission View: can edit on DAG:iot_daily_etl
[2025-10-19T02:49:52.006+0000] {logging_mixin.py:190} INFO - [2025-10-19T02:49:52.006+0000] {override.py:1900} INFO - Created Permission View: can read on DAG:iot_daily_etl
[2025-10-19T02:49:52.017+0000] {logging_mixin.py:190} INFO - [2025-10-19T02:49:52.017+0000] {override.py:1900} INFO - Created Permission View: can delete on DAG Run:iot_daily_etl
[2025-10-19T02:49:52.024+0000] {logging_mixin.py:190} INFO - [2025-10-19T02:49:52.024+0000] {override.py:1900} INFO - Created Permission View: can create on DAG Run:iot_daily_etl
[2025-10-19T02:49:52.031+0000] {logging_mixin.py:190} INFO - [2025-10-19T02:49:52.031+0000] {override.py:1900} INFO - Created Permission View: menu access on DAG Run:iot_daily_etl
[2025-10-19T02:49:52.039+0000] {logging_mixin.py:190} INFO - [2025-10-19T02:49:52.038+0000] {override.py:1900} INFO - Created Permission View: can read on DAG Run:iot_daily_etl
[2025-10-19T02:49:52.039+0000] {logging_mixin.py:190} INFO - [2025-10-19T02:49:52.039+0000] {dag.py:3239} INFO - Sync 1 DAGs
[2025-10-19T02:49:52.045+0000] {logging_mixin.py:190} INFO - [2025-10-19T02:49:52.045+0000] {dag.py:3262} INFO - Creating ORM DAG for iot_daily_etl
[2025-10-19T02:49:52.049+0000] {logging_mixin.py:190} INFO - [2025-10-19T02:49:52.049+0000] {dag.py:4180} INFO - Setting next_dagrun for iot_daily_etl to 2025-10-18 00:00:00+00:00, run_after=2025-10-19 00:00:00+00:00
[2025-10-19T02:49:52.061+0000] {processor.py:208} INFO - Processing /opt/airflow/dags/iot_daily_etl.py took 1.178 seconds
[2025-10-19T02:50:22.770+0000] {processor.py:186} INFO - Started process (PID=126) to work on /opt/airflow/dags/iot_daily_etl.py
[2025-10-19T02:50:22.772+0000] {processor.py:914} INFO - Processing file /opt/airflow/dags/iot_daily_etl.py for tasks to queue
[2025-10-19T02:50:22.773+0000] {logging_mixin.py:190} INFO - [2025-10-19T02:50:22.773+0000] {dagbag.py:588} INFO - Filling up the DagBag from /opt/airflow/dags/iot_daily_etl.py
[2025-10-19T02:50:23.115+0000] {processor.py:925} INFO - DAG(s) 'iot_daily_etl' retrieved from /opt/airflow/dags/iot_daily_etl.py
[2025-10-19T02:50:23.124+0000] {logging_mixin.py:190} INFO - [2025-10-19T02:50:23.123+0000] {dag.py:3239} INFO - Sync 1 DAGs
[2025-10-19T02:50:23.134+0000] {logging_mixin.py:190} INFO - [2025-10-19T02:50:23.134+0000] {dag.py:4180} INFO - Setting next_dagrun for iot_daily_etl to 2025-10-18 00:00:00+00:00, run_after=2025-10-19 00:00:00+00:00
[2025-10-19T02:50:23.147+0000] {processor.py:208} INFO - Processing /opt/airflow/dags/iot_daily_etl.py took 0.382 seconds
[2025-10-19T02:50:53.693+0000] {processor.py:186} INFO - Started process (PID=150) to work on /opt/airflow/dags/iot_daily_etl.py
[2025-10-19T02:50:53.697+0000] {processor.py:914} INFO - Processing file /opt/airflow/dags/iot_daily_etl.py for tasks to queue
[2025-10-19T02:50:53.699+0000] {logging_mixin.py:190} INFO - [2025-10-19T02:50:53.699+0000] {dagbag.py:588} INFO - Filling up the DagBag from /opt/airflow/dags/iot_daily_etl.py
[2025-10-19T02:50:54.091+0000] {processor.py:925} INFO - DAG(s) 'iot_daily_etl' retrieved from /opt/airflow/dags/iot_daily_etl.py
[2025-10-19T02:50:54.110+0000] {logging_mixin.py:190} INFO - [2025-10-19T02:50:54.109+0000] {dag.py:3239} INFO - Sync 1 DAGs
[2025-10-19T02:50:54.123+0000] {logging_mixin.py:190} INFO - [2025-10-19T02:50:54.123+0000] {dag.py:4180} INFO - Setting next_dagrun for iot_daily_etl to 2025-10-18 00:00:00+00:00, run_after=2025-10-19 00:00:00+00:00
[2025-10-19T02:50:54.140+0000] {processor.py:208} INFO - Processing /opt/airflow/dags/iot_daily_etl.py took 0.453 seconds
[2025-10-19T02:51:24.606+0000] {processor.py:186} INFO - Started process (PID=181) to work on /opt/airflow/dags/iot_daily_etl.py
[2025-10-19T02:51:24.611+0000] {processor.py:914} INFO - Processing file /opt/airflow/dags/iot_daily_etl.py for tasks to queue
[2025-10-19T02:51:24.613+0000] {logging_mixin.py:190} INFO - [2025-10-19T02:51:24.613+0000] {dagbag.py:588} INFO - Filling up the DagBag from /opt/airflow/dags/iot_daily_etl.py
[2025-10-19T02:51:24.916+0000] {processor.py:925} INFO - DAG(s) 'iot_daily_etl' retrieved from /opt/airflow/dags/iot_daily_etl.py
[2025-10-19T02:51:24.927+0000] {logging_mixin.py:190} INFO - [2025-10-19T02:51:24.927+0000] {dag.py:3239} INFO - Sync 1 DAGs
[2025-10-19T02:51:24.936+0000] {logging_mixin.py:190} INFO - [2025-10-19T02:51:24.936+0000] {dag.py:4180} INFO - Setting next_dagrun for iot_daily_etl to 2025-10-18 00:00:00+00:00, run_after=2025-10-19 00:00:00+00:00
[2025-10-19T02:51:24.948+0000] {processor.py:208} INFO - Processing /opt/airflow/dags/iot_daily_etl.py took 0.348 seconds
[2025-10-19T02:51:55.508+0000] {processor.py:186} INFO - Started process (PID=203) to work on /opt/airflow/dags/iot_daily_etl.py
[2025-10-19T02:51:55.509+0000] {processor.py:914} INFO - Processing file /opt/airflow/dags/iot_daily_etl.py for tasks to queue
[2025-10-19T02:51:55.511+0000] {logging_mixin.py:190} INFO - [2025-10-19T02:51:55.511+0000] {dagbag.py:588} INFO - Filling up the DagBag from /opt/airflow/dags/iot_daily_etl.py
[2025-10-19T02:51:55.808+0000] {processor.py:925} INFO - DAG(s) 'iot_daily_etl' retrieved from /opt/airflow/dags/iot_daily_etl.py
[2025-10-19T02:51:55.816+0000] {logging_mixin.py:190} INFO - [2025-10-19T02:51:55.816+0000] {dag.py:3239} INFO - Sync 1 DAGs
[2025-10-19T02:51:55.825+0000] {logging_mixin.py:190} INFO - [2025-10-19T02:51:55.825+0000] {dag.py:4180} INFO - Setting next_dagrun for iot_daily_etl to 2025-10-18 00:00:00+00:00, run_after=2025-10-19 00:00:00+00:00
[2025-10-19T02:51:55.838+0000] {processor.py:208} INFO - Processing /opt/airflow/dags/iot_daily_etl.py took 0.335 seconds
[2025-10-19T02:52:26.490+0000] {processor.py:186} INFO - Started process (PID=233) to work on /opt/airflow/dags/iot_daily_etl.py
[2025-10-19T02:52:26.494+0000] {processor.py:914} INFO - Processing file /opt/airflow/dags/iot_daily_etl.py for tasks to queue
[2025-10-19T02:52:26.495+0000] {logging_mixin.py:190} INFO - [2025-10-19T02:52:26.495+0000] {dagbag.py:588} INFO - Filling up the DagBag from /opt/airflow/dags/iot_daily_etl.py
[2025-10-19T02:52:26.778+0000] {processor.py:925} INFO - DAG(s) 'iot_daily_etl' retrieved from /opt/airflow/dags/iot_daily_etl.py
[2025-10-19T02:52:26.787+0000] {logging_mixin.py:190} INFO - [2025-10-19T02:52:26.787+0000] {dag.py:3239} INFO - Sync 1 DAGs
[2025-10-19T02:52:26.797+0000] {logging_mixin.py:190} INFO - [2025-10-19T02:52:26.797+0000] {dag.py:4180} INFO - Setting next_dagrun for iot_daily_etl to 2025-10-18 00:00:00+00:00, run_after=2025-10-19 00:00:00+00:00
[2025-10-19T02:52:26.812+0000] {processor.py:208} INFO - Processing /opt/airflow/dags/iot_daily_etl.py took 0.326 seconds
[2025-10-19T02:52:57.523+0000] {processor.py:186} INFO - Started process (PID=263) to work on /opt/airflow/dags/iot_daily_etl.py
[2025-10-19T02:52:57.525+0000] {processor.py:914} INFO - Processing file /opt/airflow/dags/iot_daily_etl.py for tasks to queue
[2025-10-19T02:52:57.526+0000] {logging_mixin.py:190} INFO - [2025-10-19T02:52:57.526+0000] {dagbag.py:588} INFO - Filling up the DagBag from /opt/airflow/dags/iot_daily_etl.py
[2025-10-19T02:52:57.823+0000] {processor.py:925} INFO - DAG(s) 'iot_daily_etl' retrieved from /opt/airflow/dags/iot_daily_etl.py
[2025-10-19T02:52:57.832+0000] {logging_mixin.py:190} INFO - [2025-10-19T02:52:57.831+0000] {dag.py:3239} INFO - Sync 1 DAGs
[2025-10-19T02:52:57.844+0000] {logging_mixin.py:190} INFO - [2025-10-19T02:52:57.843+0000] {dag.py:4180} INFO - Setting next_dagrun for iot_daily_etl to 2025-10-18 00:00:00+00:00, run_after=2025-10-19 00:00:00+00:00
[2025-10-19T02:52:57.859+0000] {processor.py:208} INFO - Processing /opt/airflow/dags/iot_daily_etl.py took 0.339 seconds
[2025-10-19T02:53:28.459+0000] {processor.py:186} INFO - Started process (PID=291) to work on /opt/airflow/dags/iot_daily_etl.py
[2025-10-19T02:53:28.463+0000] {processor.py:914} INFO - Processing file /opt/airflow/dags/iot_daily_etl.py for tasks to queue
[2025-10-19T02:53:28.465+0000] {logging_mixin.py:190} INFO - [2025-10-19T02:53:28.465+0000] {dagbag.py:588} INFO - Filling up the DagBag from /opt/airflow/dags/iot_daily_etl.py
[2025-10-19T02:53:28.767+0000] {processor.py:925} INFO - DAG(s) 'iot_daily_etl' retrieved from /opt/airflow/dags/iot_daily_etl.py
[2025-10-19T02:53:28.775+0000] {logging_mixin.py:190} INFO - [2025-10-19T02:53:28.775+0000] {dag.py:3239} INFO - Sync 1 DAGs
[2025-10-19T02:53:28.785+0000] {logging_mixin.py:190} INFO - [2025-10-19T02:53:28.784+0000] {dag.py:4180} INFO - Setting next_dagrun for iot_daily_etl to 2025-10-18 00:00:00+00:00, run_after=2025-10-19 00:00:00+00:00
[2025-10-19T02:53:28.800+0000] {processor.py:208} INFO - Processing /opt/airflow/dags/iot_daily_etl.py took 0.345 seconds
[2025-10-19T02:53:59.395+0000] {processor.py:186} INFO - Started process (PID=321) to work on /opt/airflow/dags/iot_daily_etl.py
[2025-10-19T02:53:59.396+0000] {processor.py:914} INFO - Processing file /opt/airflow/dags/iot_daily_etl.py for tasks to queue
[2025-10-19T02:53:59.398+0000] {logging_mixin.py:190} INFO - [2025-10-19T02:53:59.398+0000] {dagbag.py:588} INFO - Filling up the DagBag from /opt/airflow/dags/iot_daily_etl.py
[2025-10-19T02:53:59.678+0000] {processor.py:925} INFO - DAG(s) 'iot_daily_etl' retrieved from /opt/airflow/dags/iot_daily_etl.py
[2025-10-19T02:53:59.687+0000] {logging_mixin.py:190} INFO - [2025-10-19T02:53:59.687+0000] {dag.py:3239} INFO - Sync 1 DAGs
[2025-10-19T02:53:59.699+0000] {logging_mixin.py:190} INFO - [2025-10-19T02:53:59.698+0000] {dag.py:4180} INFO - Setting next_dagrun for iot_daily_etl to 2025-10-18 00:00:00+00:00, run_after=2025-10-19 00:00:00+00:00
[2025-10-19T02:53:59.714+0000] {processor.py:208} INFO - Processing /opt/airflow/dags/iot_daily_etl.py took 0.324 seconds
[2025-10-19T02:54:30.381+0000] {processor.py:186} INFO - Started process (PID=344) to work on /opt/airflow/dags/iot_daily_etl.py
[2025-10-19T02:54:30.383+0000] {processor.py:914} INFO - Processing file /opt/airflow/dags/iot_daily_etl.py for tasks to queue
[2025-10-19T02:54:30.384+0000] {logging_mixin.py:190} INFO - [2025-10-19T02:54:30.384+0000] {dagbag.py:588} INFO - Filling up the DagBag from /opt/airflow/dags/iot_daily_etl.py
[2025-10-19T02:54:30.665+0000] {processor.py:925} INFO - DAG(s) 'iot_daily_etl' retrieved from /opt/airflow/dags/iot_daily_etl.py
[2025-10-19T02:54:30.676+0000] {logging_mixin.py:190} INFO - [2025-10-19T02:54:30.676+0000] {dag.py:3239} INFO - Sync 1 DAGs
[2025-10-19T02:54:30.688+0000] {logging_mixin.py:190} INFO - [2025-10-19T02:54:30.688+0000] {dag.py:4180} INFO - Setting next_dagrun for iot_daily_etl to 2025-10-18 00:00:00+00:00, run_after=2025-10-19 00:00:00+00:00
[2025-10-19T02:54:30.699+0000] {processor.py:208} INFO - Processing /opt/airflow/dags/iot_daily_etl.py took 0.322 seconds
[2025-10-19T02:55:01.307+0000] {processor.py:186} INFO - Started process (PID=374) to work on /opt/airflow/dags/iot_daily_etl.py
[2025-10-19T02:55:01.308+0000] {processor.py:914} INFO - Processing file /opt/airflow/dags/iot_daily_etl.py for tasks to queue
[2025-10-19T02:55:01.310+0000] {logging_mixin.py:190} INFO - [2025-10-19T02:55:01.309+0000] {dagbag.py:588} INFO - Filling up the DagBag from /opt/airflow/dags/iot_daily_etl.py
[2025-10-19T02:55:01.626+0000] {processor.py:925} INFO - DAG(s) 'iot_daily_etl' retrieved from /opt/airflow/dags/iot_daily_etl.py
[2025-10-19T02:55:01.637+0000] {logging_mixin.py:190} INFO - [2025-10-19T02:55:01.637+0000] {dag.py:3239} INFO - Sync 1 DAGs
[2025-10-19T02:55:01.649+0000] {logging_mixin.py:190} INFO - [2025-10-19T02:55:01.649+0000] {dag.py:4180} INFO - Setting next_dagrun for iot_daily_etl to 2025-10-18 00:00:00+00:00, run_after=2025-10-19 00:00:00+00:00
[2025-10-19T02:55:01.667+0000] {processor.py:208} INFO - Processing /opt/airflow/dags/iot_daily_etl.py took 0.365 seconds
[2025-10-19T02:55:32.240+0000] {processor.py:186} INFO - Started process (PID=420) to work on /opt/airflow/dags/iot_daily_etl.py
[2025-10-19T02:55:32.244+0000] {processor.py:914} INFO - Processing file /opt/airflow/dags/iot_daily_etl.py for tasks to queue
[2025-10-19T02:55:32.246+0000] {logging_mixin.py:190} INFO - [2025-10-19T02:55:32.246+0000] {dagbag.py:588} INFO - Filling up the DagBag from /opt/airflow/dags/iot_daily_etl.py
[2025-10-19T02:55:32.532+0000] {processor.py:925} INFO - DAG(s) 'iot_daily_etl' retrieved from /opt/airflow/dags/iot_daily_etl.py
[2025-10-19T02:55:32.541+0000] {logging_mixin.py:190} INFO - [2025-10-19T02:55:32.540+0000] {dag.py:3239} INFO - Sync 1 DAGs
[2025-10-19T02:55:32.551+0000] {logging_mixin.py:190} INFO - [2025-10-19T02:55:32.551+0000] {dag.py:4180} INFO - Setting next_dagrun for iot_daily_etl to 2025-10-18 00:00:00+00:00, run_after=2025-10-19 00:00:00+00:00
[2025-10-19T02:55:32.563+0000] {processor.py:208} INFO - Processing /opt/airflow/dags/iot_daily_etl.py took 0.326 seconds
[2025-10-19T02:56:03.277+0000] {processor.py:186} INFO - Started process (PID=444) to work on /opt/airflow/dags/iot_daily_etl.py
[2025-10-19T02:56:03.281+0000] {processor.py:914} INFO - Processing file /opt/airflow/dags/iot_daily_etl.py for tasks to queue
[2025-10-19T02:56:03.282+0000] {logging_mixin.py:190} INFO - [2025-10-19T02:56:03.282+0000] {dagbag.py:588} INFO - Filling up the DagBag from /opt/airflow/dags/iot_daily_etl.py
[2025-10-19T02:56:03.567+0000] {processor.py:925} INFO - DAG(s) 'iot_daily_etl' retrieved from /opt/airflow/dags/iot_daily_etl.py
[2025-10-19T02:56:03.576+0000] {logging_mixin.py:190} INFO - [2025-10-19T02:56:03.576+0000] {dag.py:3239} INFO - Sync 1 DAGs
[2025-10-19T02:56:03.585+0000] {logging_mixin.py:190} INFO - [2025-10-19T02:56:03.585+0000] {dag.py:4180} INFO - Setting next_dagrun for iot_daily_etl to 2025-10-18 00:00:00+00:00, run_after=2025-10-19 00:00:00+00:00
[2025-10-19T02:56:03.598+0000] {processor.py:208} INFO - Processing /opt/airflow/dags/iot_daily_etl.py took 0.325 seconds
[2025-10-19T02:56:34.265+0000] {processor.py:186} INFO - Started process (PID=474) to work on /opt/airflow/dags/iot_daily_etl.py
[2025-10-19T02:56:34.266+0000] {processor.py:914} INFO - Processing file /opt/airflow/dags/iot_daily_etl.py for tasks to queue
[2025-10-19T02:56:34.268+0000] {logging_mixin.py:190} INFO - [2025-10-19T02:56:34.268+0000] {dagbag.py:588} INFO - Filling up the DagBag from /opt/airflow/dags/iot_daily_etl.py
[2025-10-19T02:56:34.549+0000] {processor.py:925} INFO - DAG(s) 'iot_daily_etl' retrieved from /opt/airflow/dags/iot_daily_etl.py
[2025-10-19T02:56:34.558+0000] {logging_mixin.py:190} INFO - [2025-10-19T02:56:34.558+0000] {dag.py:3239} INFO - Sync 1 DAGs
[2025-10-19T02:56:34.568+0000] {logging_mixin.py:190} INFO - [2025-10-19T02:56:34.568+0000] {dag.py:4180} INFO - Setting next_dagrun for iot_daily_etl to 2025-10-18 00:00:00+00:00, run_after=2025-10-19 00:00:00+00:00
[2025-10-19T02:56:34.581+0000] {processor.py:208} INFO - Processing /opt/airflow/dags/iot_daily_etl.py took 0.320 seconds
[2025-10-19T02:57:05.177+0000] {processor.py:186} INFO - Started process (PID=497) to work on /opt/airflow/dags/iot_daily_etl.py
[2025-10-19T02:57:05.179+0000] {processor.py:914} INFO - Processing file /opt/airflow/dags/iot_daily_etl.py for tasks to queue
[2025-10-19T02:57:05.180+0000] {logging_mixin.py:190} INFO - [2025-10-19T02:57:05.180+0000] {dagbag.py:588} INFO - Filling up the DagBag from /opt/airflow/dags/iot_daily_etl.py
[2025-10-19T02:57:05.468+0000] {processor.py:925} INFO - DAG(s) 'iot_daily_etl' retrieved from /opt/airflow/dags/iot_daily_etl.py
[2025-10-19T02:57:05.481+0000] {logging_mixin.py:190} INFO - [2025-10-19T02:57:05.480+0000] {dag.py:3239} INFO - Sync 1 DAGs
[2025-10-19T02:57:05.492+0000] {logging_mixin.py:190} INFO - [2025-10-19T02:57:05.492+0000] {dag.py:4180} INFO - Setting next_dagrun for iot_daily_etl to 2025-10-18 00:00:00+00:00, run_after=2025-10-19 00:00:00+00:00
[2025-10-19T02:57:05.503+0000] {processor.py:208} INFO - Processing /opt/airflow/dags/iot_daily_etl.py took 0.330 seconds
[2025-10-19T02:57:36.150+0000] {processor.py:186} INFO - Started process (PID=527) to work on /opt/airflow/dags/iot_daily_etl.py
[2025-10-19T02:57:36.153+0000] {processor.py:914} INFO - Processing file /opt/airflow/dags/iot_daily_etl.py for tasks to queue
[2025-10-19T02:57:36.155+0000] {logging_mixin.py:190} INFO - [2025-10-19T02:57:36.154+0000] {dagbag.py:588} INFO - Filling up the DagBag from /opt/airflow/dags/iot_daily_etl.py
[2025-10-19T02:57:36.437+0000] {processor.py:925} INFO - DAG(s) 'iot_daily_etl' retrieved from /opt/airflow/dags/iot_daily_etl.py
[2025-10-19T02:57:36.446+0000] {logging_mixin.py:190} INFO - [2025-10-19T02:57:36.446+0000] {dag.py:3239} INFO - Sync 1 DAGs
[2025-10-19T02:57:36.456+0000] {logging_mixin.py:190} INFO - [2025-10-19T02:57:36.456+0000] {dag.py:4180} INFO - Setting next_dagrun for iot_daily_etl to 2025-10-18 00:00:00+00:00, run_after=2025-10-19 00:00:00+00:00
[2025-10-19T02:57:36.474+0000] {processor.py:208} INFO - Processing /opt/airflow/dags/iot_daily_etl.py took 0.328 seconds
[2025-10-19T02:58:07.215+0000] {processor.py:186} INFO - Started process (PID=557) to work on /opt/airflow/dags/iot_daily_etl.py
[2025-10-19T02:58:07.217+0000] {processor.py:914} INFO - Processing file /opt/airflow/dags/iot_daily_etl.py for tasks to queue
[2025-10-19T02:58:07.219+0000] {logging_mixin.py:190} INFO - [2025-10-19T02:58:07.218+0000] {dagbag.py:588} INFO - Filling up the DagBag from /opt/airflow/dags/iot_daily_etl.py
[2025-10-19T02:58:07.790+0000] {processor.py:925} INFO - DAG(s) 'iot_daily_etl' retrieved from /opt/airflow/dags/iot_daily_etl.py
[2025-10-19T02:58:07.809+0000] {logging_mixin.py:190} INFO - [2025-10-19T02:58:07.808+0000] {dag.py:3239} INFO - Sync 1 DAGs
[2025-10-19T02:58:07.829+0000] {logging_mixin.py:190} INFO - [2025-10-19T02:58:07.829+0000] {dag.py:4180} INFO - Setting next_dagrun for iot_daily_etl to 2025-10-18 00:00:00+00:00, run_after=2025-10-19 00:00:00+00:00
[2025-10-19T02:58:07.851+0000] {processor.py:208} INFO - Processing /opt/airflow/dags/iot_daily_etl.py took 0.640 seconds
[2025-10-19T02:58:38.249+0000] {processor.py:186} INFO - Started process (PID=580) to work on /opt/airflow/dags/iot_daily_etl.py
[2025-10-19T02:58:38.252+0000] {processor.py:914} INFO - Processing file /opt/airflow/dags/iot_daily_etl.py for tasks to queue
[2025-10-19T02:58:38.254+0000] {logging_mixin.py:190} INFO - [2025-10-19T02:58:38.253+0000] {dagbag.py:588} INFO - Filling up the DagBag from /opt/airflow/dags/iot_daily_etl.py
[2025-10-19T02:58:38.628+0000] {processor.py:925} INFO - DAG(s) 'iot_daily_etl' retrieved from /opt/airflow/dags/iot_daily_etl.py
[2025-10-19T02:58:38.640+0000] {logging_mixin.py:190} INFO - [2025-10-19T02:58:38.640+0000] {dag.py:3239} INFO - Sync 1 DAGs
[2025-10-19T02:58:38.653+0000] {logging_mixin.py:190} INFO - [2025-10-19T02:58:38.653+0000] {dag.py:4180} INFO - Setting next_dagrun for iot_daily_etl to 2025-10-18 00:00:00+00:00, run_after=2025-10-19 00:00:00+00:00
[2025-10-19T02:58:38.670+0000] {processor.py:208} INFO - Processing /opt/airflow/dags/iot_daily_etl.py took 0.432 seconds
[2025-10-19T02:59:09.196+0000] {processor.py:186} INFO - Started process (PID=610) to work on /opt/airflow/dags/iot_daily_etl.py
[2025-10-19T02:59:09.197+0000] {processor.py:914} INFO - Processing file /opt/airflow/dags/iot_daily_etl.py for tasks to queue
[2025-10-19T02:59:09.199+0000] {logging_mixin.py:190} INFO - [2025-10-19T02:59:09.199+0000] {dagbag.py:588} INFO - Filling up the DagBag from /opt/airflow/dags/iot_daily_etl.py
[2025-10-19T02:59:09.484+0000] {processor.py:925} INFO - DAG(s) 'iot_daily_etl' retrieved from /opt/airflow/dags/iot_daily_etl.py
[2025-10-19T02:59:09.493+0000] {logging_mixin.py:190} INFO - [2025-10-19T02:59:09.492+0000] {dag.py:3239} INFO - Sync 1 DAGs
[2025-10-19T02:59:09.502+0000] {logging_mixin.py:190} INFO - [2025-10-19T02:59:09.502+0000] {dag.py:4180} INFO - Setting next_dagrun for iot_daily_etl to 2025-10-18 00:00:00+00:00, run_after=2025-10-19 00:00:00+00:00
[2025-10-19T02:59:09.513+0000] {processor.py:208} INFO - Processing /opt/airflow/dags/iot_daily_etl.py took 0.321 seconds
[2025-10-19T02:59:40.186+0000] {processor.py:186} INFO - Started process (PID=633) to work on /opt/airflow/dags/iot_daily_etl.py
[2025-10-19T02:59:40.189+0000] {processor.py:914} INFO - Processing file /opt/airflow/dags/iot_daily_etl.py for tasks to queue
[2025-10-19T02:59:40.191+0000] {logging_mixin.py:190} INFO - [2025-10-19T02:59:40.190+0000] {dagbag.py:588} INFO - Filling up the DagBag from /opt/airflow/dags/iot_daily_etl.py
[2025-10-19T02:59:40.503+0000] {processor.py:925} INFO - DAG(s) 'iot_daily_etl' retrieved from /opt/airflow/dags/iot_daily_etl.py
[2025-10-19T02:59:40.511+0000] {logging_mixin.py:190} INFO - [2025-10-19T02:59:40.510+0000] {dag.py:3239} INFO - Sync 1 DAGs
[2025-10-19T02:59:40.519+0000] {logging_mixin.py:190} INFO - [2025-10-19T02:59:40.519+0000] {dag.py:4180} INFO - Setting next_dagrun for iot_daily_etl to 2025-10-18 00:00:00+00:00, run_after=2025-10-19 00:00:00+00:00
[2025-10-19T02:59:40.531+0000] {processor.py:208} INFO - Processing /opt/airflow/dags/iot_daily_etl.py took 0.350 seconds
[2025-10-19T03:00:11.195+0000] {processor.py:186} INFO - Started process (PID=663) to work on /opt/airflow/dags/iot_daily_etl.py
[2025-10-19T03:00:11.196+0000] {processor.py:914} INFO - Processing file /opt/airflow/dags/iot_daily_etl.py for tasks to queue
[2025-10-19T03:00:11.197+0000] {logging_mixin.py:190} INFO - [2025-10-19T03:00:11.197+0000] {dagbag.py:588} INFO - Filling up the DagBag from /opt/airflow/dags/iot_daily_etl.py
[2025-10-19T03:00:11.475+0000] {processor.py:925} INFO - DAG(s) 'iot_daily_etl' retrieved from /opt/airflow/dags/iot_daily_etl.py
[2025-10-19T03:00:11.484+0000] {logging_mixin.py:190} INFO - [2025-10-19T03:00:11.483+0000] {dag.py:3239} INFO - Sync 1 DAGs
[2025-10-19T03:00:11.492+0000] {logging_mixin.py:190} INFO - [2025-10-19T03:00:11.492+0000] {dag.py:4180} INFO - Setting next_dagrun for iot_daily_etl to 2025-10-18 00:00:00+00:00, run_after=2025-10-19 00:00:00+00:00
[2025-10-19T03:00:11.505+0000] {processor.py:208} INFO - Processing /opt/airflow/dags/iot_daily_etl.py took 0.314 seconds
[2025-10-19T03:00:42.214+0000] {processor.py:186} INFO - Started process (PID=693) to work on /opt/airflow/dags/iot_daily_etl.py
[2025-10-19T03:00:42.216+0000] {processor.py:914} INFO - Processing file /opt/airflow/dags/iot_daily_etl.py for tasks to queue
[2025-10-19T03:00:42.217+0000] {logging_mixin.py:190} INFO - [2025-10-19T03:00:42.217+0000] {dagbag.py:588} INFO - Filling up the DagBag from /opt/airflow/dags/iot_daily_etl.py
[2025-10-19T03:00:42.602+0000] {processor.py:925} INFO - DAG(s) 'iot_daily_etl' retrieved from /opt/airflow/dags/iot_daily_etl.py
[2025-10-19T03:00:42.614+0000] {logging_mixin.py:190} INFO - [2025-10-19T03:00:42.614+0000] {dag.py:3239} INFO - Sync 1 DAGs
[2025-10-19T03:00:42.628+0000] {logging_mixin.py:190} INFO - [2025-10-19T03:00:42.628+0000] {dag.py:4180} INFO - Setting next_dagrun for iot_daily_etl to 2025-10-18 00:00:00+00:00, run_after=2025-10-19 00:00:00+00:00
[2025-10-19T03:00:42.646+0000] {processor.py:208} INFO - Processing /opt/airflow/dags/iot_daily_etl.py took 0.436 seconds
[2025-10-19T03:01:13.161+0000] {processor.py:186} INFO - Started process (PID=716) to work on /opt/airflow/dags/iot_daily_etl.py
[2025-10-19T03:01:13.162+0000] {processor.py:914} INFO - Processing file /opt/airflow/dags/iot_daily_etl.py for tasks to queue
[2025-10-19T03:01:13.164+0000] {logging_mixin.py:190} INFO - [2025-10-19T03:01:13.164+0000] {dagbag.py:588} INFO - Filling up the DagBag from /opt/airflow/dags/iot_daily_etl.py
[2025-10-19T03:01:13.477+0000] {processor.py:925} INFO - DAG(s) 'iot_daily_etl' retrieved from /opt/airflow/dags/iot_daily_etl.py
[2025-10-19T03:01:13.485+0000] {logging_mixin.py:190} INFO - [2025-10-19T03:01:13.485+0000] {dag.py:3239} INFO - Sync 1 DAGs
[2025-10-19T03:01:13.496+0000] {logging_mixin.py:190} INFO - [2025-10-19T03:01:13.496+0000] {dag.py:4180} INFO - Setting next_dagrun for iot_daily_etl to 2025-10-18 00:00:00+00:00, run_after=2025-10-19 00:00:00+00:00
[2025-10-19T03:01:13.511+0000] {processor.py:208} INFO - Processing /opt/airflow/dags/iot_daily_etl.py took 0.355 seconds
[2025-10-19T03:01:44.189+0000] {processor.py:186} INFO - Started process (PID=746) to work on /opt/airflow/dags/iot_daily_etl.py
[2025-10-19T03:01:44.191+0000] {processor.py:914} INFO - Processing file /opt/airflow/dags/iot_daily_etl.py for tasks to queue
[2025-10-19T03:01:44.193+0000] {logging_mixin.py:190} INFO - [2025-10-19T03:01:44.192+0000] {dagbag.py:588} INFO - Filling up the DagBag from /opt/airflow/dags/iot_daily_etl.py
[2025-10-19T03:01:44.481+0000] {processor.py:925} INFO - DAG(s) 'iot_daily_etl' retrieved from /opt/airflow/dags/iot_daily_etl.py
[2025-10-19T03:01:44.489+0000] {logging_mixin.py:190} INFO - [2025-10-19T03:01:44.489+0000] {dag.py:3239} INFO - Sync 1 DAGs
[2025-10-19T03:01:44.498+0000] {logging_mixin.py:190} INFO - [2025-10-19T03:01:44.498+0000] {dag.py:4180} INFO - Setting next_dagrun for iot_daily_etl to 2025-10-18 00:00:00+00:00, run_after=2025-10-19 00:00:00+00:00
[2025-10-19T03:01:44.513+0000] {processor.py:208} INFO - Processing /opt/airflow/dags/iot_daily_etl.py took 0.330 seconds
[2025-10-19T03:02:15.214+0000] {processor.py:186} INFO - Started process (PID=769) to work on /opt/airflow/dags/iot_daily_etl.py
[2025-10-19T03:02:15.216+0000] {processor.py:914} INFO - Processing file /opt/airflow/dags/iot_daily_etl.py for tasks to queue
[2025-10-19T03:02:15.218+0000] {logging_mixin.py:190} INFO - [2025-10-19T03:02:15.218+0000] {dagbag.py:588} INFO - Filling up the DagBag from /opt/airflow/dags/iot_daily_etl.py
[2025-10-19T03:02:15.952+0000] {processor.py:925} INFO - DAG(s) 'iot_daily_etl' retrieved from /opt/airflow/dags/iot_daily_etl.py
[2025-10-19T03:02:15.965+0000] {logging_mixin.py:190} INFO - [2025-10-19T03:02:15.965+0000] {dag.py:3239} INFO - Sync 1 DAGs
[2025-10-19T03:02:15.976+0000] {logging_mixin.py:190} INFO - [2025-10-19T03:02:15.976+0000] {dag.py:4180} INFO - Setting next_dagrun for iot_daily_etl to 2025-10-18 00:00:00+00:00, run_after=2025-10-19 00:00:00+00:00
[2025-10-19T03:02:15.994+0000] {processor.py:208} INFO - Processing /opt/airflow/dags/iot_daily_etl.py took 0.421 seconds
[2025-10-19T03:02:49.598+0000] {processor.py:186} INFO - Started process (PID=817) to work on /opt/airflow/dags/iot_daily_etl.py
[2025-10-19T03:02:49.600+0000] {processor.py:914} INFO - Processing file /opt/airflow/dags/iot_daily_etl.py for tasks to queue
[2025-10-19T03:02:49.603+0000] {logging_mixin.py:190} INFO - [2025-10-19T03:02:49.602+0000] {dagbag.py:588} INFO - Filling up the DagBag from /opt/airflow/dags/iot_daily_etl.py
[2025-10-19T03:02:49.921+0000] {processor.py:925} INFO - DAG(s) 'iot_daily_etl' retrieved from /opt/airflow/dags/iot_daily_etl.py
[2025-10-19T03:02:49.936+0000] {logging_mixin.py:190} INFO - [2025-10-19T03:02:49.936+0000] {dag.py:3239} INFO - Sync 1 DAGs
[2025-10-19T03:02:49.949+0000] {logging_mixin.py:190} INFO - [2025-10-19T03:02:49.949+0000] {dag.py:4180} INFO - Setting next_dagrun for iot_daily_etl to 2025-10-19 00:00:00+00:00, run_after=2025-10-20 00:00:00+00:00
[2025-10-19T03:02:49.966+0000] {processor.py:208} INFO - Processing /opt/airflow/dags/iot_daily_etl.py took 0.372 seconds
[2025-10-19T03:03:20.234+0000] {processor.py:186} INFO - Started process (PID=865) to work on /opt/airflow/dags/iot_daily_etl.py
[2025-10-19T03:03:20.235+0000] {processor.py:914} INFO - Processing file /opt/airflow/dags/iot_daily_etl.py for tasks to queue
[2025-10-19T03:03:20.237+0000] {logging_mixin.py:190} INFO - [2025-10-19T03:03:20.237+0000] {dagbag.py:588} INFO - Filling up the DagBag from /opt/airflow/dags/iot_daily_etl.py
[2025-10-19T03:03:20.549+0000] {processor.py:925} INFO - DAG(s) 'iot_daily_etl' retrieved from /opt/airflow/dags/iot_daily_etl.py
[2025-10-19T03:03:20.558+0000] {logging_mixin.py:190} INFO - [2025-10-19T03:03:20.557+0000] {dag.py:3239} INFO - Sync 1 DAGs
[2025-10-19T03:03:20.566+0000] {logging_mixin.py:190} INFO - [2025-10-19T03:03:20.566+0000] {dag.py:4180} INFO - Setting next_dagrun for iot_daily_etl to 2025-10-19 00:00:00+00:00, run_after=2025-10-20 00:00:00+00:00
[2025-10-19T03:03:20.578+0000] {processor.py:208} INFO - Processing /opt/airflow/dags/iot_daily_etl.py took 0.348 seconds
[2025-10-19T03:03:51.236+0000] {processor.py:186} INFO - Started process (PID=906) to work on /opt/airflow/dags/iot_daily_etl.py
[2025-10-19T03:03:51.237+0000] {processor.py:914} INFO - Processing file /opt/airflow/dags/iot_daily_etl.py for tasks to queue
[2025-10-19T03:03:51.239+0000] {logging_mixin.py:190} INFO - [2025-10-19T03:03:51.239+0000] {dagbag.py:588} INFO - Filling up the DagBag from /opt/airflow/dags/iot_daily_etl.py
[2025-10-19T03:03:51.524+0000] {processor.py:925} INFO - DAG(s) 'iot_daily_etl' retrieved from /opt/airflow/dags/iot_daily_etl.py
[2025-10-19T03:03:51.534+0000] {logging_mixin.py:190} INFO - [2025-10-19T03:03:51.534+0000] {dag.py:3239} INFO - Sync 1 DAGs
[2025-10-19T03:03:51.544+0000] {logging_mixin.py:190} INFO - [2025-10-19T03:03:51.544+0000] {dag.py:4180} INFO - Setting next_dagrun for iot_daily_etl to 2025-10-19 00:00:00+00:00, run_after=2025-10-20 00:00:00+00:00
[2025-10-19T03:03:51.563+0000] {processor.py:208} INFO - Processing /opt/airflow/dags/iot_daily_etl.py took 0.331 seconds
[2025-10-19T03:04:22.256+0000] {processor.py:186} INFO - Started process (PID=936) to work on /opt/airflow/dags/iot_daily_etl.py
[2025-10-19T03:04:22.258+0000] {processor.py:914} INFO - Processing file /opt/airflow/dags/iot_daily_etl.py for tasks to queue
[2025-10-19T03:04:22.259+0000] {logging_mixin.py:190} INFO - [2025-10-19T03:04:22.259+0000] {dagbag.py:588} INFO - Filling up the DagBag from /opt/airflow/dags/iot_daily_etl.py
[2025-10-19T03:04:22.560+0000] {processor.py:925} INFO - DAG(s) 'iot_daily_etl' retrieved from /opt/airflow/dags/iot_daily_etl.py
[2025-10-19T03:04:22.571+0000] {logging_mixin.py:190} INFO - [2025-10-19T03:04:22.570+0000] {dag.py:3239} INFO - Sync 1 DAGs
[2025-10-19T03:04:22.580+0000] {logging_mixin.py:190} INFO - [2025-10-19T03:04:22.580+0000] {dag.py:4180} INFO - Setting next_dagrun for iot_daily_etl to 2025-10-19 00:00:00+00:00, run_after=2025-10-20 00:00:00+00:00
[2025-10-19T03:04:22.593+0000] {processor.py:208} INFO - Processing /opt/airflow/dags/iot_daily_etl.py took 0.340 seconds
[2025-10-19T03:04:53.257+0000] {processor.py:186} INFO - Started process (PID=966) to work on /opt/airflow/dags/iot_daily_etl.py
[2025-10-19T03:04:53.259+0000] {processor.py:914} INFO - Processing file /opt/airflow/dags/iot_daily_etl.py for tasks to queue
[2025-10-19T03:04:53.261+0000] {logging_mixin.py:190} INFO - [2025-10-19T03:04:53.261+0000] {dagbag.py:588} INFO - Filling up the DagBag from /opt/airflow/dags/iot_daily_etl.py
[2025-10-19T03:04:53.634+0000] {processor.py:925} INFO - DAG(s) 'iot_daily_etl' retrieved from /opt/airflow/dags/iot_daily_etl.py
[2025-10-19T03:04:53.646+0000] {logging_mixin.py:190} INFO - [2025-10-19T03:04:53.646+0000] {dag.py:3239} INFO - Sync 1 DAGs
[2025-10-19T03:04:53.661+0000] {logging_mixin.py:190} INFO - [2025-10-19T03:04:53.661+0000] {dag.py:4180} INFO - Setting next_dagrun for iot_daily_etl to 2025-10-19 00:00:00+00:00, run_after=2025-10-20 00:00:00+00:00
[2025-10-19T03:04:53.678+0000] {processor.py:208} INFO - Processing /opt/airflow/dags/iot_daily_etl.py took 0.424 seconds
[2025-10-19T03:05:24.259+0000] {processor.py:186} INFO - Started process (PID=989) to work on /opt/airflow/dags/iot_daily_etl.py
[2025-10-19T03:05:24.259+0000] {processor.py:914} INFO - Processing file /opt/airflow/dags/iot_daily_etl.py for tasks to queue
[2025-10-19T03:05:24.261+0000] {logging_mixin.py:190} INFO - [2025-10-19T03:05:24.260+0000] {dagbag.py:588} INFO - Filling up the DagBag from /opt/airflow/dags/iot_daily_etl.py
[2025-10-19T03:05:24.600+0000] {processor.py:925} INFO - DAG(s) 'iot_daily_etl' retrieved from /opt/airflow/dags/iot_daily_etl.py
[2025-10-19T03:05:24.609+0000] {logging_mixin.py:190} INFO - [2025-10-19T03:05:24.608+0000] {dag.py:3239} INFO - Sync 1 DAGs
[2025-10-19T03:05:24.619+0000] {logging_mixin.py:190} INFO - [2025-10-19T03:05:24.619+0000] {dag.py:4180} INFO - Setting next_dagrun for iot_daily_etl to 2025-10-19 00:00:00+00:00, run_after=2025-10-20 00:00:00+00:00
[2025-10-19T03:05:24.631+0000] {processor.py:208} INFO - Processing /opt/airflow/dags/iot_daily_etl.py took 0.376 seconds
[2025-10-19T03:05:55.271+0000] {processor.py:186} INFO - Started process (PID=1019) to work on /opt/airflow/dags/iot_daily_etl.py
[2025-10-19T03:05:55.271+0000] {processor.py:914} INFO - Processing file /opt/airflow/dags/iot_daily_etl.py for tasks to queue
[2025-10-19T03:05:55.272+0000] {logging_mixin.py:190} INFO - [2025-10-19T03:05:55.272+0000] {dagbag.py:588} INFO - Filling up the DagBag from /opt/airflow/dags/iot_daily_etl.py
[2025-10-19T03:05:55.565+0000] {processor.py:925} INFO - DAG(s) 'iot_daily_etl' retrieved from /opt/airflow/dags/iot_daily_etl.py
[2025-10-19T03:05:55.573+0000] {logging_mixin.py:190} INFO - [2025-10-19T03:05:55.573+0000] {dag.py:3239} INFO - Sync 1 DAGs
[2025-10-19T03:05:55.582+0000] {logging_mixin.py:190} INFO - [2025-10-19T03:05:55.582+0000] {dag.py:4180} INFO - Setting next_dagrun for iot_daily_etl to 2025-10-19 00:00:00+00:00, run_after=2025-10-20 00:00:00+00:00
[2025-10-19T03:05:55.597+0000] {processor.py:208} INFO - Processing /opt/airflow/dags/iot_daily_etl.py took 0.330 seconds
[2025-10-19T03:06:26.299+0000] {processor.py:186} INFO - Started process (PID=1063) to work on /opt/airflow/dags/iot_daily_etl.py
[2025-10-19T03:06:26.299+0000] {processor.py:914} INFO - Processing file /opt/airflow/dags/iot_daily_etl.py for tasks to queue
[2025-10-19T03:06:26.301+0000] {logging_mixin.py:190} INFO - [2025-10-19T03:06:26.301+0000] {dagbag.py:588} INFO - Filling up the DagBag from /opt/airflow/dags/iot_daily_etl.py
[2025-10-19T03:06:26.581+0000] {processor.py:925} INFO - DAG(s) 'iot_daily_etl' retrieved from /opt/airflow/dags/iot_daily_etl.py
[2025-10-19T03:06:26.592+0000] {logging_mixin.py:190} INFO - [2025-10-19T03:06:26.591+0000] {dag.py:3239} INFO - Sync 1 DAGs
[2025-10-19T03:06:26.603+0000] {logging_mixin.py:190} INFO - [2025-10-19T03:06:26.602+0000] {dag.py:4180} INFO - Setting next_dagrun for iot_daily_etl to 2025-10-19 00:00:00+00:00, run_after=2025-10-20 00:00:00+00:00
[2025-10-19T03:06:26.617+0000] {processor.py:208} INFO - Processing /opt/airflow/dags/iot_daily_etl.py took 0.321 seconds
[2025-10-19T03:06:57.327+0000] {processor.py:186} INFO - Started process (PID=1093) to work on /opt/airflow/dags/iot_daily_etl.py
[2025-10-19T03:06:57.329+0000] {processor.py:914} INFO - Processing file /opt/airflow/dags/iot_daily_etl.py for tasks to queue
[2025-10-19T03:06:57.330+0000] {logging_mixin.py:190} INFO - [2025-10-19T03:06:57.330+0000] {dagbag.py:588} INFO - Filling up the DagBag from /opt/airflow/dags/iot_daily_etl.py
[2025-10-19T03:06:57.620+0000] {processor.py:925} INFO - DAG(s) 'iot_daily_etl' retrieved from /opt/airflow/dags/iot_daily_etl.py
[2025-10-19T03:06:57.628+0000] {logging_mixin.py:190} INFO - [2025-10-19T03:06:57.628+0000] {dag.py:3239} INFO - Sync 1 DAGs
[2025-10-19T03:06:57.637+0000] {logging_mixin.py:190} INFO - [2025-10-19T03:06:57.637+0000] {dag.py:4180} INFO - Setting next_dagrun for iot_daily_etl to 2025-10-19 00:00:00+00:00, run_after=2025-10-20 00:00:00+00:00
[2025-10-19T03:06:57.651+0000] {processor.py:208} INFO - Processing /opt/airflow/dags/iot_daily_etl.py took 0.327 seconds
[2025-10-19T03:07:18.463+0000] {processor.py:186} INFO - Started process (PID=1116) to work on /opt/airflow/dags/iot_daily_etl.py
[2025-10-19T03:07:18.463+0000] {processor.py:914} INFO - Processing file /opt/airflow/dags/iot_daily_etl.py for tasks to queue
[2025-10-19T03:07:18.465+0000] {logging_mixin.py:190} INFO - [2025-10-19T03:07:18.464+0000] {dagbag.py:588} INFO - Filling up the DagBag from /opt/airflow/dags/iot_daily_etl.py
[2025-10-19T03:07:18.817+0000] {processor.py:925} INFO - DAG(s) 'iot_daily_etl' retrieved from /opt/airflow/dags/iot_daily_etl.py
[2025-10-19T03:07:18.828+0000] {logging_mixin.py:190} INFO - [2025-10-19T03:07:18.827+0000] {dag.py:3239} INFO - Sync 1 DAGs
[2025-10-19T03:07:18.843+0000] {logging_mixin.py:190} INFO - [2025-10-19T03:07:18.842+0000] {dag.py:4180} INFO - Setting next_dagrun for iot_daily_etl to 2025-10-19 00:00:00+00:00, run_after=2025-10-20 00:00:00+00:00
[2025-10-19T03:07:18.864+0000] {processor.py:208} INFO - Processing /opt/airflow/dags/iot_daily_etl.py took 0.405 seconds
[2025-10-19T03:07:49.486+0000] {processor.py:186} INFO - Started process (PID=1158) to work on /opt/airflow/dags/iot_daily_etl.py
[2025-10-19T03:07:49.490+0000] {processor.py:914} INFO - Processing file /opt/airflow/dags/iot_daily_etl.py for tasks to queue
[2025-10-19T03:07:49.492+0000] {logging_mixin.py:190} INFO - [2025-10-19T03:07:49.492+0000] {dagbag.py:588} INFO - Filling up the DagBag from /opt/airflow/dags/iot_daily_etl.py
[2025-10-19T03:07:49.864+0000] {processor.py:925} INFO - DAG(s) 'iot_daily_etl' retrieved from /opt/airflow/dags/iot_daily_etl.py
[2025-10-19T03:07:49.872+0000] {logging_mixin.py:190} INFO - [2025-10-19T03:07:49.872+0000] {dag.py:3239} INFO - Sync 1 DAGs
[2025-10-19T03:07:49.883+0000] {logging_mixin.py:190} INFO - [2025-10-19T03:07:49.883+0000] {dag.py:4180} INFO - Setting next_dagrun for iot_daily_etl to 2025-10-19 00:00:00+00:00, run_after=2025-10-20 00:00:00+00:00
[2025-10-19T03:07:49.905+0000] {processor.py:208} INFO - Processing /opt/airflow/dags/iot_daily_etl.py took 0.425 seconds
[2025-10-19T03:08:20.104+0000] {processor.py:186} INFO - Started process (PID=1220) to work on /opt/airflow/dags/iot_daily_etl.py
[2025-10-19T03:08:20.105+0000] {processor.py:914} INFO - Processing file /opt/airflow/dags/iot_daily_etl.py for tasks to queue
[2025-10-19T03:08:20.107+0000] {logging_mixin.py:190} INFO - [2025-10-19T03:08:20.106+0000] {dagbag.py:588} INFO - Filling up the DagBag from /opt/airflow/dags/iot_daily_etl.py
[2025-10-19T03:08:20.370+0000] {processor.py:925} INFO - DAG(s) 'iot_daily_etl' retrieved from /opt/airflow/dags/iot_daily_etl.py
[2025-10-19T03:08:20.378+0000] {logging_mixin.py:190} INFO - [2025-10-19T03:08:20.377+0000] {dag.py:3239} INFO - Sync 1 DAGs
[2025-10-19T03:08:20.386+0000] {logging_mixin.py:190} INFO - [2025-10-19T03:08:20.386+0000] {dag.py:4180} INFO - Setting next_dagrun for iot_daily_etl to 2025-10-19 00:00:00+00:00, run_after=2025-10-20 00:00:00+00:00
[2025-10-19T03:08:20.400+0000] {processor.py:208} INFO - Processing /opt/airflow/dags/iot_daily_etl.py took 0.300 seconds
[2025-10-19T03:08:51.159+0000] {processor.py:186} INFO - Started process (PID=1250) to work on /opt/airflow/dags/iot_daily_etl.py
[2025-10-19T03:08:51.163+0000] {processor.py:914} INFO - Processing file /opt/airflow/dags/iot_daily_etl.py for tasks to queue
[2025-10-19T03:08:51.165+0000] {logging_mixin.py:190} INFO - [2025-10-19T03:08:51.164+0000] {dagbag.py:588} INFO - Filling up the DagBag from /opt/airflow/dags/iot_daily_etl.py
[2025-10-19T03:08:51.531+0000] {processor.py:925} INFO - DAG(s) 'iot_daily_etl' retrieved from /opt/airflow/dags/iot_daily_etl.py
[2025-10-19T03:08:51.545+0000] {logging_mixin.py:190} INFO - [2025-10-19T03:08:51.545+0000] {dag.py:3239} INFO - Sync 1 DAGs
[2025-10-19T03:08:51.557+0000] {logging_mixin.py:190} INFO - [2025-10-19T03:08:51.557+0000] {dag.py:4180} INFO - Setting next_dagrun for iot_daily_etl to 2025-10-19 00:00:00+00:00, run_after=2025-10-20 00:00:00+00:00
[2025-10-19T03:08:51.577+0000] {processor.py:208} INFO - Processing /opt/airflow/dags/iot_daily_etl.py took 0.422 seconds
[2025-10-19T03:09:22.174+0000] {processor.py:186} INFO - Started process (PID=1273) to work on /opt/airflow/dags/iot_daily_etl.py
[2025-10-19T03:09:22.178+0000] {processor.py:914} INFO - Processing file /opt/airflow/dags/iot_daily_etl.py for tasks to queue
[2025-10-19T03:09:22.179+0000] {logging_mixin.py:190} INFO - [2025-10-19T03:09:22.179+0000] {dagbag.py:588} INFO - Filling up the DagBag from /opt/airflow/dags/iot_daily_etl.py
[2025-10-19T03:09:22.502+0000] {processor.py:925} INFO - DAG(s) 'iot_daily_etl' retrieved from /opt/airflow/dags/iot_daily_etl.py
[2025-10-19T03:09:22.512+0000] {logging_mixin.py:190} INFO - [2025-10-19T03:09:22.511+0000] {dag.py:3239} INFO - Sync 1 DAGs
[2025-10-19T03:09:22.523+0000] {logging_mixin.py:190} INFO - [2025-10-19T03:09:22.523+0000] {dag.py:4180} INFO - Setting next_dagrun for iot_daily_etl to 2025-10-19 00:00:00+00:00, run_after=2025-10-20 00:00:00+00:00
[2025-10-19T03:09:22.538+0000] {processor.py:208} INFO - Processing /opt/airflow/dags/iot_daily_etl.py took 0.368 seconds
[2025-10-19T03:09:53.556+0000] {processor.py:186} INFO - Started process (PID=1347) to work on /opt/airflow/dags/iot_daily_etl.py
[2025-10-19T03:09:53.558+0000] {processor.py:914} INFO - Processing file /opt/airflow/dags/iot_daily_etl.py for tasks to queue
[2025-10-19T03:09:53.559+0000] {logging_mixin.py:190} INFO - [2025-10-19T03:09:53.559+0000] {dagbag.py:588} INFO - Filling up the DagBag from /opt/airflow/dags/iot_daily_etl.py
[2025-10-19T03:09:53.864+0000] {processor.py:925} INFO - DAG(s) 'iot_daily_etl' retrieved from /opt/airflow/dags/iot_daily_etl.py
[2025-10-19T03:09:53.874+0000] {logging_mixin.py:190} INFO - [2025-10-19T03:09:53.874+0000] {dag.py:3239} INFO - Sync 1 DAGs
[2025-10-19T03:09:53.886+0000] {logging_mixin.py:190} INFO - [2025-10-19T03:09:53.886+0000] {dag.py:4180} INFO - Setting next_dagrun for iot_daily_etl to 2025-10-19 00:00:00+00:00, run_after=2025-10-20 00:00:00+00:00
[2025-10-19T03:09:53.899+0000] {processor.py:208} INFO - Processing /opt/airflow/dags/iot_daily_etl.py took 0.347 seconds
[2025-10-19T03:10:24.284+0000] {processor.py:186} INFO - Started process (PID=1369) to work on /opt/airflow/dags/iot_daily_etl.py
[2025-10-19T03:10:24.285+0000] {processor.py:914} INFO - Processing file /opt/airflow/dags/iot_daily_etl.py for tasks to queue
[2025-10-19T03:10:24.287+0000] {logging_mixin.py:190} INFO - [2025-10-19T03:10:24.287+0000] {dagbag.py:588} INFO - Filling up the DagBag from /opt/airflow/dags/iot_daily_etl.py
[2025-10-19T03:10:24.590+0000] {processor.py:925} INFO - DAG(s) 'iot_daily_etl' retrieved from /opt/airflow/dags/iot_daily_etl.py
[2025-10-19T03:10:24.599+0000] {logging_mixin.py:190} INFO - [2025-10-19T03:10:24.599+0000] {dag.py:3239} INFO - Sync 1 DAGs
[2025-10-19T03:10:24.611+0000] {logging_mixin.py:190} INFO - [2025-10-19T03:10:24.611+0000] {dag.py:4180} INFO - Setting next_dagrun for iot_daily_etl to 2025-10-19 00:00:00+00:00, run_after=2025-10-20 00:00:00+00:00
[2025-10-19T03:10:24.624+0000] {processor.py:208} INFO - Processing /opt/airflow/dags/iot_daily_etl.py took 0.345 seconds
[2025-10-19T03:10:55.627+0000] {processor.py:186} INFO - Started process (PID=1399) to work on /opt/airflow/dags/iot_daily_etl.py
[2025-10-19T03:10:55.628+0000] {processor.py:914} INFO - Processing file /opt/airflow/dags/iot_daily_etl.py for tasks to queue
[2025-10-19T03:10:55.630+0000] {logging_mixin.py:190} INFO - [2025-10-19T03:10:55.630+0000] {dagbag.py:588} INFO - Filling up the DagBag from /opt/airflow/dags/iot_daily_etl.py
[2025-10-19T03:10:55.897+0000] {processor.py:925} INFO - DAG(s) 'iot_daily_etl' retrieved from /opt/airflow/dags/iot_daily_etl.py
[2025-10-19T03:10:55.905+0000] {logging_mixin.py:190} INFO - [2025-10-19T03:10:55.905+0000] {dag.py:3239} INFO - Sync 1 DAGs
[2025-10-19T03:10:55.914+0000] {logging_mixin.py:190} INFO - [2025-10-19T03:10:55.914+0000] {dag.py:4180} INFO - Setting next_dagrun for iot_daily_etl to 2025-10-19 00:00:00+00:00, run_after=2025-10-20 00:00:00+00:00
[2025-10-19T03:10:55.932+0000] {processor.py:208} INFO - Processing /opt/airflow/dags/iot_daily_etl.py took 0.309 seconds
[2025-10-19T03:11:26.430+0000] {processor.py:186} INFO - Started process (PID=1429) to work on /opt/airflow/dags/iot_daily_etl.py
[2025-10-19T03:11:26.432+0000] {processor.py:914} INFO - Processing file /opt/airflow/dags/iot_daily_etl.py for tasks to queue
[2025-10-19T03:11:26.434+0000] {logging_mixin.py:190} INFO - [2025-10-19T03:11:26.434+0000] {dagbag.py:588} INFO - Filling up the DagBag from /opt/airflow/dags/iot_daily_etl.py
[2025-10-19T03:11:26.755+0000] {processor.py:925} INFO - DAG(s) 'iot_daily_etl' retrieved from /opt/airflow/dags/iot_daily_etl.py
[2025-10-19T03:11:26.764+0000] {logging_mixin.py:190} INFO - [2025-10-19T03:11:26.764+0000] {dag.py:3239} INFO - Sync 1 DAGs
[2025-10-19T03:11:26.774+0000] {logging_mixin.py:190} INFO - [2025-10-19T03:11:26.774+0000] {dag.py:4180} INFO - Setting next_dagrun for iot_daily_etl to 2025-10-19 00:00:00+00:00, run_after=2025-10-20 00:00:00+00:00
[2025-10-19T03:11:26.786+0000] {processor.py:208} INFO - Processing /opt/airflow/dags/iot_daily_etl.py took 0.361 seconds
[2025-10-19T03:11:57.700+0000] {processor.py:186} INFO - Started process (PID=1452) to work on /opt/airflow/dags/iot_daily_etl.py
[2025-10-19T03:11:57.704+0000] {processor.py:914} INFO - Processing file /opt/airflow/dags/iot_daily_etl.py for tasks to queue
[2025-10-19T03:11:57.705+0000] {logging_mixin.py:190} INFO - [2025-10-19T03:11:57.705+0000] {dagbag.py:588} INFO - Filling up the DagBag from /opt/airflow/dags/iot_daily_etl.py
[2025-10-19T03:11:57.996+0000] {processor.py:925} INFO - DAG(s) 'iot_daily_etl' retrieved from /opt/airflow/dags/iot_daily_etl.py
[2025-10-19T03:11:58.004+0000] {logging_mixin.py:190} INFO - [2025-10-19T03:11:58.004+0000] {dag.py:3239} INFO - Sync 1 DAGs
[2025-10-19T03:11:58.014+0000] {logging_mixin.py:190} INFO - [2025-10-19T03:11:58.014+0000] {dag.py:4180} INFO - Setting next_dagrun for iot_daily_etl to 2025-10-19 00:00:00+00:00, run_after=2025-10-20 00:00:00+00:00
[2025-10-19T03:11:58.026+0000] {processor.py:208} INFO - Processing /opt/airflow/dags/iot_daily_etl.py took 0.329 seconds
[2025-10-19T03:12:28.554+0000] {processor.py:186} INFO - Started process (PID=1482) to work on /opt/airflow/dags/iot_daily_etl.py
[2025-10-19T03:12:28.558+0000] {processor.py:914} INFO - Processing file /opt/airflow/dags/iot_daily_etl.py for tasks to queue
[2025-10-19T03:12:28.559+0000] {logging_mixin.py:190} INFO - [2025-10-19T03:12:28.559+0000] {dagbag.py:588} INFO - Filling up the DagBag from /opt/airflow/dags/iot_daily_etl.py
[2025-10-19T03:12:28.839+0000] {processor.py:925} INFO - DAG(s) 'iot_daily_etl' retrieved from /opt/airflow/dags/iot_daily_etl.py
[2025-10-19T03:12:28.848+0000] {logging_mixin.py:190} INFO - [2025-10-19T03:12:28.848+0000] {dag.py:3239} INFO - Sync 1 DAGs
[2025-10-19T03:12:28.859+0000] {logging_mixin.py:190} INFO - [2025-10-19T03:12:28.859+0000] {dag.py:4180} INFO - Setting next_dagrun for iot_daily_etl to 2025-10-19 00:00:00+00:00, run_after=2025-10-20 00:00:00+00:00
[2025-10-19T03:12:28.872+0000] {processor.py:208} INFO - Processing /opt/airflow/dags/iot_daily_etl.py took 0.321 seconds
[2025-10-19T03:12:59.788+0000] {processor.py:186} INFO - Started process (PID=1505) to work on /opt/airflow/dags/iot_daily_etl.py
[2025-10-19T03:12:59.790+0000] {processor.py:914} INFO - Processing file /opt/airflow/dags/iot_daily_etl.py for tasks to queue
[2025-10-19T03:12:59.791+0000] {logging_mixin.py:190} INFO - [2025-10-19T03:12:59.791+0000] {dagbag.py:588} INFO - Filling up the DagBag from /opt/airflow/dags/iot_daily_etl.py
[2025-10-19T03:13:00.077+0000] {processor.py:925} INFO - DAG(s) 'iot_daily_etl' retrieved from /opt/airflow/dags/iot_daily_etl.py
[2025-10-19T03:13:00.086+0000] {logging_mixin.py:190} INFO - [2025-10-19T03:13:00.085+0000] {dag.py:3239} INFO - Sync 1 DAGs
[2025-10-19T03:13:00.096+0000] {logging_mixin.py:190} INFO - [2025-10-19T03:13:00.096+0000] {dag.py:4180} INFO - Setting next_dagrun for iot_daily_etl to 2025-10-19 00:00:00+00:00, run_after=2025-10-20 00:00:00+00:00
[2025-10-19T03:13:00.107+0000] {processor.py:208} INFO - Processing /opt/airflow/dags/iot_daily_etl.py took 0.323 seconds
[2025-10-19T03:13:30.712+0000] {processor.py:186} INFO - Started process (PID=1535) to work on /opt/airflow/dags/iot_daily_etl.py
[2025-10-19T03:13:30.714+0000] {processor.py:914} INFO - Processing file /opt/airflow/dags/iot_daily_etl.py for tasks to queue
[2025-10-19T03:13:30.715+0000] {logging_mixin.py:190} INFO - [2025-10-19T03:13:30.715+0000] {dagbag.py:588} INFO - Filling up the DagBag from /opt/airflow/dags/iot_daily_etl.py
[2025-10-19T03:13:31.017+0000] {processor.py:925} INFO - DAG(s) 'iot_daily_etl' retrieved from /opt/airflow/dags/iot_daily_etl.py
[2025-10-19T03:13:31.026+0000] {logging_mixin.py:190} INFO - [2025-10-19T03:13:31.026+0000] {dag.py:3239} INFO - Sync 1 DAGs
[2025-10-19T03:13:31.035+0000] {logging_mixin.py:190} INFO - [2025-10-19T03:13:31.035+0000] {dag.py:4180} INFO - Setting next_dagrun for iot_daily_etl to 2025-10-19 00:00:00+00:00, run_after=2025-10-20 00:00:00+00:00
[2025-10-19T03:13:31.048+0000] {processor.py:208} INFO - Processing /opt/airflow/dags/iot_daily_etl.py took 0.340 seconds
[2025-10-19T03:14:01.830+0000] {processor.py:186} INFO - Started process (PID=1565) to work on /opt/airflow/dags/iot_daily_etl.py
[2025-10-19T03:14:01.831+0000] {processor.py:914} INFO - Processing file /opt/airflow/dags/iot_daily_etl.py for tasks to queue
[2025-10-19T03:14:01.832+0000] {logging_mixin.py:190} INFO - [2025-10-19T03:14:01.832+0000] {dagbag.py:588} INFO - Filling up the DagBag from /opt/airflow/dags/iot_daily_etl.py
[2025-10-19T03:14:02.115+0000] {processor.py:925} INFO - DAG(s) 'iot_daily_etl' retrieved from /opt/airflow/dags/iot_daily_etl.py
[2025-10-19T03:14:02.123+0000] {logging_mixin.py:190} INFO - [2025-10-19T03:14:02.123+0000] {dag.py:3239} INFO - Sync 1 DAGs
[2025-10-19T03:14:02.134+0000] {logging_mixin.py:190} INFO - [2025-10-19T03:14:02.134+0000] {dag.py:4180} INFO - Setting next_dagrun for iot_daily_etl to 2025-10-19 00:00:00+00:00, run_after=2025-10-20 00:00:00+00:00
[2025-10-19T03:14:02.148+0000] {processor.py:208} INFO - Processing /opt/airflow/dags/iot_daily_etl.py took 0.322 seconds
[2025-10-19T03:14:32.842+0000] {processor.py:186} INFO - Started process (PID=1588) to work on /opt/airflow/dags/iot_daily_etl.py
[2025-10-19T03:14:32.844+0000] {processor.py:914} INFO - Processing file /opt/airflow/dags/iot_daily_etl.py for tasks to queue
[2025-10-19T03:14:32.845+0000] {logging_mixin.py:190} INFO - [2025-10-19T03:14:32.845+0000] {dagbag.py:588} INFO - Filling up the DagBag from /opt/airflow/dags/iot_daily_etl.py
[2025-10-19T03:14:33.114+0000] {processor.py:925} INFO - DAG(s) 'iot_daily_etl' retrieved from /opt/airflow/dags/iot_daily_etl.py
[2025-10-19T03:14:33.122+0000] {logging_mixin.py:190} INFO - [2025-10-19T03:14:33.122+0000] {dag.py:3239} INFO - Sync 1 DAGs
[2025-10-19T03:14:33.131+0000] {logging_mixin.py:190} INFO - [2025-10-19T03:14:33.131+0000] {dag.py:4180} INFO - Setting next_dagrun for iot_daily_etl to 2025-10-19 00:00:00+00:00, run_after=2025-10-20 00:00:00+00:00
[2025-10-19T03:14:33.146+0000] {processor.py:208} INFO - Processing /opt/airflow/dags/iot_daily_etl.py took 0.307 seconds
[2025-10-19T03:15:03.928+0000] {processor.py:186} INFO - Started process (PID=1617) to work on /opt/airflow/dags/iot_daily_etl.py
[2025-10-19T03:15:03.932+0000] {processor.py:914} INFO - Processing file /opt/airflow/dags/iot_daily_etl.py for tasks to queue
[2025-10-19T03:15:03.934+0000] {logging_mixin.py:190} INFO - [2025-10-19T03:15:03.934+0000] {dagbag.py:588} INFO - Filling up the DagBag from /opt/airflow/dags/iot_daily_etl.py
[2025-10-19T03:15:04.233+0000] {processor.py:925} INFO - DAG(s) 'iot_daily_etl' retrieved from /opt/airflow/dags/iot_daily_etl.py
[2025-10-19T03:15:04.243+0000] {logging_mixin.py:190} INFO - [2025-10-19T03:15:04.243+0000] {dag.py:3239} INFO - Sync 1 DAGs
[2025-10-19T03:15:04.256+0000] {logging_mixin.py:190} INFO - [2025-10-19T03:15:04.256+0000] {dag.py:4180} INFO - Setting next_dagrun for iot_daily_etl to 2025-10-19 00:00:00+00:00, run_after=2025-10-20 00:00:00+00:00
[2025-10-19T03:15:04.270+0000] {processor.py:208} INFO - Processing /opt/airflow/dags/iot_daily_etl.py took 0.346 seconds
[2025-10-19T03:15:34.962+0000] {processor.py:186} INFO - Started process (PID=1647) to work on /opt/airflow/dags/iot_daily_etl.py
[2025-10-19T03:15:34.963+0000] {processor.py:914} INFO - Processing file /opt/airflow/dags/iot_daily_etl.py for tasks to queue
[2025-10-19T03:15:34.965+0000] {logging_mixin.py:190} INFO - [2025-10-19T03:15:34.965+0000] {dagbag.py:588} INFO - Filling up the DagBag from /opt/airflow/dags/iot_daily_etl.py
[2025-10-19T03:15:35.284+0000] {processor.py:925} INFO - DAG(s) 'iot_daily_etl' retrieved from /opt/airflow/dags/iot_daily_etl.py
[2025-10-19T03:15:35.294+0000] {logging_mixin.py:190} INFO - [2025-10-19T03:15:35.294+0000] {dag.py:3239} INFO - Sync 1 DAGs
[2025-10-19T03:15:35.307+0000] {logging_mixin.py:190} INFO - [2025-10-19T03:15:35.307+0000] {dag.py:4180} INFO - Setting next_dagrun for iot_daily_etl to 2025-10-19 00:00:00+00:00, run_after=2025-10-20 00:00:00+00:00
[2025-10-19T03:15:35.320+0000] {processor.py:208} INFO - Processing /opt/airflow/dags/iot_daily_etl.py took 0.364 seconds
[2025-10-19T03:16:05.995+0000] {processor.py:186} INFO - Started process (PID=1670) to work on /opt/airflow/dags/iot_daily_etl.py
[2025-10-19T03:16:05.997+0000] {processor.py:914} INFO - Processing file /opt/airflow/dags/iot_daily_etl.py for tasks to queue
[2025-10-19T03:16:05.998+0000] {logging_mixin.py:190} INFO - [2025-10-19T03:16:05.998+0000] {dagbag.py:588} INFO - Filling up the DagBag from /opt/airflow/dags/iot_daily_etl.py
[2025-10-19T03:16:06.289+0000] {processor.py:925} INFO - DAG(s) 'iot_daily_etl' retrieved from /opt/airflow/dags/iot_daily_etl.py
[2025-10-19T03:16:06.298+0000] {logging_mixin.py:190} INFO - [2025-10-19T03:16:06.298+0000] {dag.py:3239} INFO - Sync 1 DAGs
[2025-10-19T03:16:06.309+0000] {logging_mixin.py:190} INFO - [2025-10-19T03:16:06.308+0000] {dag.py:4180} INFO - Setting next_dagrun for iot_daily_etl to 2025-10-19 00:00:00+00:00, run_after=2025-10-20 00:00:00+00:00
[2025-10-19T03:16:06.322+0000] {processor.py:208} INFO - Processing /opt/airflow/dags/iot_daily_etl.py took 0.330 seconds
[2025-10-19T03:16:37.032+0000] {processor.py:186} INFO - Started process (PID=1700) to work on /opt/airflow/dags/iot_daily_etl.py
[2025-10-19T03:16:37.033+0000] {processor.py:914} INFO - Processing file /opt/airflow/dags/iot_daily_etl.py for tasks to queue
[2025-10-19T03:16:37.034+0000] {logging_mixin.py:190} INFO - [2025-10-19T03:16:37.034+0000] {dagbag.py:588} INFO - Filling up the DagBag from /opt/airflow/dags/iot_daily_etl.py
[2025-10-19T03:16:37.311+0000] {processor.py:925} INFO - DAG(s) 'iot_daily_etl' retrieved from /opt/airflow/dags/iot_daily_etl.py
[2025-10-19T03:16:37.322+0000] {logging_mixin.py:190} INFO - [2025-10-19T03:16:37.322+0000] {dag.py:3239} INFO - Sync 1 DAGs
[2025-10-19T03:16:37.333+0000] {logging_mixin.py:190} INFO - [2025-10-19T03:16:37.333+0000] {dag.py:4180} INFO - Setting next_dagrun for iot_daily_etl to 2025-10-19 00:00:00+00:00, run_after=2025-10-20 00:00:00+00:00
[2025-10-19T03:16:37.347+0000] {processor.py:208} INFO - Processing /opt/airflow/dags/iot_daily_etl.py took 0.319 seconds
[2025-10-19T03:17:08.080+0000] {processor.py:186} INFO - Started process (PID=1723) to work on /opt/airflow/dags/iot_daily_etl.py
[2025-10-19T03:17:08.084+0000] {processor.py:914} INFO - Processing file /opt/airflow/dags/iot_daily_etl.py for tasks to queue
[2025-10-19T03:17:08.086+0000] {logging_mixin.py:190} INFO - [2025-10-19T03:17:08.086+0000] {dagbag.py:588} INFO - Filling up the DagBag from /opt/airflow/dags/iot_daily_etl.py
[2025-10-19T03:17:08.384+0000] {processor.py:925} INFO - DAG(s) 'iot_daily_etl' retrieved from /opt/airflow/dags/iot_daily_etl.py
[2025-10-19T03:17:08.399+0000] {logging_mixin.py:190} INFO - [2025-10-19T03:17:08.398+0000] {dag.py:3239} INFO - Sync 1 DAGs
[2025-10-19T03:17:08.416+0000] {logging_mixin.py:190} INFO - [2025-10-19T03:17:08.415+0000] {dag.py:4180} INFO - Setting next_dagrun for iot_daily_etl to 2025-10-19 00:00:00+00:00, run_after=2025-10-20 00:00:00+00:00
[2025-10-19T03:17:08.430+0000] {processor.py:208} INFO - Processing /opt/airflow/dags/iot_daily_etl.py took 0.354 seconds
[2025-10-19T03:17:39.131+0000] {processor.py:186} INFO - Started process (PID=1753) to work on /opt/airflow/dags/iot_daily_etl.py
[2025-10-19T03:17:39.133+0000] {processor.py:914} INFO - Processing file /opt/airflow/dags/iot_daily_etl.py for tasks to queue
[2025-10-19T03:17:39.135+0000] {logging_mixin.py:190} INFO - [2025-10-19T03:17:39.134+0000] {dagbag.py:588} INFO - Filling up the DagBag from /opt/airflow/dags/iot_daily_etl.py
[2025-10-19T03:17:39.430+0000] {processor.py:925} INFO - DAG(s) 'iot_daily_etl' retrieved from /opt/airflow/dags/iot_daily_etl.py
[2025-10-19T03:17:39.439+0000] {logging_mixin.py:190} INFO - [2025-10-19T03:17:39.439+0000] {dag.py:3239} INFO - Sync 1 DAGs
[2025-10-19T03:17:39.448+0000] {logging_mixin.py:190} INFO - [2025-10-19T03:17:39.448+0000] {dag.py:4180} INFO - Setting next_dagrun for iot_daily_etl to 2025-10-19 00:00:00+00:00, run_after=2025-10-20 00:00:00+00:00
[2025-10-19T03:17:39.464+0000] {processor.py:208} INFO - Processing /opt/airflow/dags/iot_daily_etl.py took 0.337 seconds
[2025-10-19T03:18:10.141+0000] {processor.py:186} INFO - Started process (PID=1783) to work on /opt/airflow/dags/iot_daily_etl.py
[2025-10-19T03:18:10.142+0000] {processor.py:914} INFO - Processing file /opt/airflow/dags/iot_daily_etl.py for tasks to queue
[2025-10-19T03:18:10.143+0000] {logging_mixin.py:190} INFO - [2025-10-19T03:18:10.143+0000] {dagbag.py:588} INFO - Filling up the DagBag from /opt/airflow/dags/iot_daily_etl.py
[2025-10-19T03:18:10.450+0000] {processor.py:925} INFO - DAG(s) 'iot_daily_etl' retrieved from /opt/airflow/dags/iot_daily_etl.py
[2025-10-19T03:18:10.459+0000] {logging_mixin.py:190} INFO - [2025-10-19T03:18:10.459+0000] {dag.py:3239} INFO - Sync 1 DAGs
[2025-10-19T03:18:10.468+0000] {logging_mixin.py:190} INFO - [2025-10-19T03:18:10.468+0000] {dag.py:4180} INFO - Setting next_dagrun for iot_daily_etl to 2025-10-19 00:00:00+00:00, run_after=2025-10-20 00:00:00+00:00
[2025-10-19T03:18:10.481+0000] {processor.py:208} INFO - Processing /opt/airflow/dags/iot_daily_etl.py took 0.344 seconds
[2025-10-19T03:18:41.188+0000] {processor.py:186} INFO - Started process (PID=1806) to work on /opt/airflow/dags/iot_daily_etl.py
[2025-10-19T03:18:41.189+0000] {processor.py:914} INFO - Processing file /opt/airflow/dags/iot_daily_etl.py for tasks to queue
[2025-10-19T03:18:41.191+0000] {logging_mixin.py:190} INFO - [2025-10-19T03:18:41.191+0000] {dagbag.py:588} INFO - Filling up the DagBag from /opt/airflow/dags/iot_daily_etl.py
[2025-10-19T03:18:41.563+0000] {processor.py:925} INFO - DAG(s) 'iot_daily_etl' retrieved from /opt/airflow/dags/iot_daily_etl.py
[2025-10-19T03:18:41.575+0000] {logging_mixin.py:190} INFO - [2025-10-19T03:18:41.575+0000] {dag.py:3239} INFO - Sync 1 DAGs
[2025-10-19T03:18:41.588+0000] {logging_mixin.py:190} INFO - [2025-10-19T03:18:41.588+0000] {dag.py:4180} INFO - Setting next_dagrun for iot_daily_etl to 2025-10-19 00:00:00+00:00, run_after=2025-10-20 00:00:00+00:00
[2025-10-19T03:18:41.602+0000] {processor.py:208} INFO - Processing /opt/airflow/dags/iot_daily_etl.py took 0.418 seconds
[2025-10-19T03:19:12.253+0000] {processor.py:186} INFO - Started process (PID=1836) to work on /opt/airflow/dags/iot_daily_etl.py
[2025-10-19T03:19:12.256+0000] {processor.py:914} INFO - Processing file /opt/airflow/dags/iot_daily_etl.py for tasks to queue
[2025-10-19T03:19:12.258+0000] {logging_mixin.py:190} INFO - [2025-10-19T03:19:12.258+0000] {dagbag.py:588} INFO - Filling up the DagBag from /opt/airflow/dags/iot_daily_etl.py
[2025-10-19T03:19:12.555+0000] {processor.py:925} INFO - DAG(s) 'iot_daily_etl' retrieved from /opt/airflow/dags/iot_daily_etl.py
[2025-10-19T03:19:12.563+0000] {logging_mixin.py:190} INFO - [2025-10-19T03:19:12.563+0000] {dag.py:3239} INFO - Sync 1 DAGs
[2025-10-19T03:19:12.571+0000] {logging_mixin.py:190} INFO - [2025-10-19T03:19:12.571+0000] {dag.py:4180} INFO - Setting next_dagrun for iot_daily_etl to 2025-10-19 00:00:00+00:00, run_after=2025-10-20 00:00:00+00:00
[2025-10-19T03:19:12.584+0000] {processor.py:208} INFO - Processing /opt/airflow/dags/iot_daily_etl.py took 0.335 seconds
[2025-10-19T03:19:43.322+0000] {processor.py:186} INFO - Started process (PID=1859) to work on /opt/airflow/dags/iot_daily_etl.py
[2025-10-19T03:19:43.323+0000] {processor.py:914} INFO - Processing file /opt/airflow/dags/iot_daily_etl.py for tasks to queue
[2025-10-19T03:19:43.325+0000] {logging_mixin.py:190} INFO - [2025-10-19T03:19:43.325+0000] {dagbag.py:588} INFO - Filling up the DagBag from /opt/airflow/dags/iot_daily_etl.py
[2025-10-19T03:19:43.601+0000] {processor.py:925} INFO - DAG(s) 'iot_daily_etl' retrieved from /opt/airflow/dags/iot_daily_etl.py
[2025-10-19T03:19:43.608+0000] {logging_mixin.py:190} INFO - [2025-10-19T03:19:43.608+0000] {dag.py:3239} INFO - Sync 1 DAGs
[2025-10-19T03:19:43.617+0000] {logging_mixin.py:190} INFO - [2025-10-19T03:19:43.617+0000] {dag.py:4180} INFO - Setting next_dagrun for iot_daily_etl to 2025-10-19 00:00:00+00:00, run_after=2025-10-20 00:00:00+00:00
[2025-10-19T03:19:43.632+0000] {processor.py:208} INFO - Processing /opt/airflow/dags/iot_daily_etl.py took 0.314 seconds
[2025-10-19T03:20:14.361+0000] {processor.py:186} INFO - Started process (PID=1889) to work on /opt/airflow/dags/iot_daily_etl.py
[2025-10-19T03:20:14.365+0000] {processor.py:914} INFO - Processing file /opt/airflow/dags/iot_daily_etl.py for tasks to queue
[2025-10-19T03:20:14.366+0000] {logging_mixin.py:190} INFO - [2025-10-19T03:20:14.366+0000] {dagbag.py:588} INFO - Filling up the DagBag from /opt/airflow/dags/iot_daily_etl.py
[2025-10-19T03:20:14.635+0000] {processor.py:925} INFO - DAG(s) 'iot_daily_etl' retrieved from /opt/airflow/dags/iot_daily_etl.py
[2025-10-19T03:20:14.643+0000] {logging_mixin.py:190} INFO - [2025-10-19T03:20:14.643+0000] {dag.py:3239} INFO - Sync 1 DAGs
[2025-10-19T03:20:14.652+0000] {logging_mixin.py:190} INFO - [2025-10-19T03:20:14.652+0000] {dag.py:4180} INFO - Setting next_dagrun for iot_daily_etl to 2025-10-19 00:00:00+00:00, run_after=2025-10-20 00:00:00+00:00
[2025-10-19T03:20:14.663+0000] {processor.py:208} INFO - Processing /opt/airflow/dags/iot_daily_etl.py took 0.306 seconds
[2025-10-19T03:20:45.422+0000] {processor.py:186} INFO - Started process (PID=1918) to work on /opt/airflow/dags/iot_daily_etl.py
[2025-10-19T03:20:45.424+0000] {processor.py:914} INFO - Processing file /opt/airflow/dags/iot_daily_etl.py for tasks to queue
[2025-10-19T03:20:45.426+0000] {logging_mixin.py:190} INFO - [2025-10-19T03:20:45.426+0000] {dagbag.py:588} INFO - Filling up the DagBag from /opt/airflow/dags/iot_daily_etl.py
[2025-10-19T03:20:45.726+0000] {processor.py:925} INFO - DAG(s) 'iot_daily_etl' retrieved from /opt/airflow/dags/iot_daily_etl.py
[2025-10-19T03:20:45.736+0000] {logging_mixin.py:190} INFO - [2025-10-19T03:20:45.736+0000] {dag.py:3239} INFO - Sync 1 DAGs
[2025-10-19T03:20:45.746+0000] {logging_mixin.py:190} INFO - [2025-10-19T03:20:45.746+0000] {dag.py:4180} INFO - Setting next_dagrun for iot_daily_etl to 2025-10-19 00:00:00+00:00, run_after=2025-10-20 00:00:00+00:00
[2025-10-19T03:20:45.760+0000] {processor.py:208} INFO - Processing /opt/airflow/dags/iot_daily_etl.py took 0.342 seconds
[2025-10-19T03:21:16.484+0000] {processor.py:186} INFO - Started process (PID=1941) to work on /opt/airflow/dags/iot_daily_etl.py
[2025-10-19T03:21:16.485+0000] {processor.py:914} INFO - Processing file /opt/airflow/dags/iot_daily_etl.py for tasks to queue
[2025-10-19T03:21:16.487+0000] {logging_mixin.py:190} INFO - [2025-10-19T03:21:16.487+0000] {dagbag.py:588} INFO - Filling up the DagBag from /opt/airflow/dags/iot_daily_etl.py
[2025-10-19T03:21:16.764+0000] {processor.py:925} INFO - DAG(s) 'iot_daily_etl' retrieved from /opt/airflow/dags/iot_daily_etl.py
[2025-10-19T03:21:16.773+0000] {logging_mixin.py:190} INFO - [2025-10-19T03:21:16.773+0000] {dag.py:3239} INFO - Sync 1 DAGs
[2025-10-19T03:21:16.783+0000] {logging_mixin.py:190} INFO - [2025-10-19T03:21:16.783+0000] {dag.py:4180} INFO - Setting next_dagrun for iot_daily_etl to 2025-10-19 00:00:00+00:00, run_after=2025-10-20 00:00:00+00:00
[2025-10-19T03:21:16.796+0000] {processor.py:208} INFO - Processing /opt/airflow/dags/iot_daily_etl.py took 0.317 seconds
[2025-10-19T03:21:47.532+0000] {processor.py:186} INFO - Started process (PID=1970) to work on /opt/airflow/dags/iot_daily_etl.py
[2025-10-19T03:21:47.533+0000] {processor.py:914} INFO - Processing file /opt/airflow/dags/iot_daily_etl.py for tasks to queue
[2025-10-19T03:21:47.534+0000] {logging_mixin.py:190} INFO - [2025-10-19T03:21:47.534+0000] {dagbag.py:588} INFO - Filling up the DagBag from /opt/airflow/dags/iot_daily_etl.py
[2025-10-19T03:21:47.824+0000] {processor.py:925} INFO - DAG(s) 'iot_daily_etl' retrieved from /opt/airflow/dags/iot_daily_etl.py
[2025-10-19T03:21:47.833+0000] {logging_mixin.py:190} INFO - [2025-10-19T03:21:47.833+0000] {dag.py:3239} INFO - Sync 1 DAGs
[2025-10-19T03:21:47.842+0000] {logging_mixin.py:190} INFO - [2025-10-19T03:21:47.842+0000] {dag.py:4180} INFO - Setting next_dagrun for iot_daily_etl to 2025-10-19 00:00:00+00:00, run_after=2025-10-20 00:00:00+00:00
[2025-10-19T03:21:47.855+0000] {processor.py:208} INFO - Processing /opt/airflow/dags/iot_daily_etl.py took 0.327 seconds
[2025-10-19T03:22:18.563+0000] {processor.py:186} INFO - Started process (PID=1993) to work on /opt/airflow/dags/iot_daily_etl.py
[2025-10-19T03:22:18.564+0000] {processor.py:914} INFO - Processing file /opt/airflow/dags/iot_daily_etl.py for tasks to queue
[2025-10-19T03:22:18.566+0000] {logging_mixin.py:190} INFO - [2025-10-19T03:22:18.566+0000] {dagbag.py:588} INFO - Filling up the DagBag from /opt/airflow/dags/iot_daily_etl.py
[2025-10-19T03:22:18.839+0000] {processor.py:925} INFO - DAG(s) 'iot_daily_etl' retrieved from /opt/airflow/dags/iot_daily_etl.py
[2025-10-19T03:22:18.848+0000] {logging_mixin.py:190} INFO - [2025-10-19T03:22:18.847+0000] {dag.py:3239} INFO - Sync 1 DAGs
[2025-10-19T03:22:18.857+0000] {logging_mixin.py:190} INFO - [2025-10-19T03:22:18.857+0000] {dag.py:4180} INFO - Setting next_dagrun for iot_daily_etl to 2025-10-19 00:00:00+00:00, run_after=2025-10-20 00:00:00+00:00
[2025-10-19T03:22:18.871+0000] {processor.py:208} INFO - Processing /opt/airflow/dags/iot_daily_etl.py took 0.312 seconds
[2025-10-19T03:22:49.658+0000] {processor.py:186} INFO - Started process (PID=2023) to work on /opt/airflow/dags/iot_daily_etl.py
[2025-10-19T03:22:49.663+0000] {processor.py:914} INFO - Processing file /opt/airflow/dags/iot_daily_etl.py for tasks to queue
[2025-10-19T03:22:49.665+0000] {logging_mixin.py:190} INFO - [2025-10-19T03:22:49.665+0000] {dagbag.py:588} INFO - Filling up the DagBag from /opt/airflow/dags/iot_daily_etl.py
[2025-10-19T03:22:50.298+0000] {processor.py:925} INFO - DAG(s) 'iot_daily_etl' retrieved from /opt/airflow/dags/iot_daily_etl.py
[2025-10-19T03:22:50.308+0000] {logging_mixin.py:190} INFO - [2025-10-19T03:22:50.308+0000] {dag.py:3239} INFO - Sync 1 DAGs
[2025-10-19T03:22:50.321+0000] {logging_mixin.py:190} INFO - [2025-10-19T03:22:50.320+0000] {dag.py:4180} INFO - Setting next_dagrun for iot_daily_etl to 2025-10-19 00:00:00+00:00, run_after=2025-10-20 00:00:00+00:00
[2025-10-19T03:22:50.337+0000] {processor.py:208} INFO - Processing /opt/airflow/dags/iot_daily_etl.py took 0.342 seconds
[2025-10-19T03:23:21.883+0000] {processor.py:186} INFO - Started process (PID=2052) to work on /opt/airflow/dags/iot_daily_etl.py
[2025-10-19T03:23:21.884+0000] {processor.py:914} INFO - Processing file /opt/airflow/dags/iot_daily_etl.py for tasks to queue
[2025-10-19T03:23:21.886+0000] {logging_mixin.py:190} INFO - [2025-10-19T03:23:21.885+0000] {dagbag.py:588} INFO - Filling up the DagBag from /opt/airflow/dags/iot_daily_etl.py
[2025-10-19T03:23:22.152+0000] {processor.py:925} INFO - DAG(s) 'iot_daily_etl' retrieved from /opt/airflow/dags/iot_daily_etl.py
[2025-10-19T03:23:22.161+0000] {logging_mixin.py:190} INFO - [2025-10-19T03:23:22.160+0000] {dag.py:3239} INFO - Sync 1 DAGs
[2025-10-19T03:23:22.170+0000] {logging_mixin.py:190} INFO - [2025-10-19T03:23:22.170+0000] {dag.py:4180} INFO - Setting next_dagrun for iot_daily_etl to 2025-10-19 00:00:00+00:00, run_after=2025-10-20 00:00:00+00:00
[2025-10-19T03:23:22.181+0000] {processor.py:208} INFO - Processing /opt/airflow/dags/iot_daily_etl.py took 0.302 seconds
[2025-10-19T03:23:52.739+0000] {processor.py:186} INFO - Started process (PID=2075) to work on /opt/airflow/dags/iot_daily_etl.py
[2025-10-19T03:23:52.741+0000] {processor.py:914} INFO - Processing file /opt/airflow/dags/iot_daily_etl.py for tasks to queue
[2025-10-19T03:23:52.742+0000] {logging_mixin.py:190} INFO - [2025-10-19T03:23:52.742+0000] {dagbag.py:588} INFO - Filling up the DagBag from /opt/airflow/dags/iot_daily_etl.py
[2025-10-19T03:23:53.145+0000] {processor.py:925} INFO - DAG(s) 'iot_daily_etl' retrieved from /opt/airflow/dags/iot_daily_etl.py
[2025-10-19T03:23:53.154+0000] {logging_mixin.py:190} INFO - [2025-10-19T03:23:53.154+0000] {dag.py:3239} INFO - Sync 1 DAGs
[2025-10-19T03:23:53.166+0000] {logging_mixin.py:190} INFO - [2025-10-19T03:23:53.166+0000] {dag.py:4180} INFO - Setting next_dagrun for iot_daily_etl to 2025-10-19 00:00:00+00:00, run_after=2025-10-20 00:00:00+00:00
[2025-10-19T03:23:53.181+0000] {processor.py:208} INFO - Processing /opt/airflow/dags/iot_daily_etl.py took 0.446 seconds
[2025-10-19T03:24:23.772+0000] {processor.py:186} INFO - Started process (PID=2105) to work on /opt/airflow/dags/iot_daily_etl.py
[2025-10-19T03:24:23.777+0000] {processor.py:914} INFO - Processing file /opt/airflow/dags/iot_daily_etl.py for tasks to queue
[2025-10-19T03:24:23.778+0000] {logging_mixin.py:190} INFO - [2025-10-19T03:24:23.778+0000] {dagbag.py:588} INFO - Filling up the DagBag from /opt/airflow/dags/iot_daily_etl.py
[2025-10-19T03:24:24.087+0000] {processor.py:925} INFO - DAG(s) 'iot_daily_etl' retrieved from /opt/airflow/dags/iot_daily_etl.py
[2025-10-19T03:24:24.097+0000] {logging_mixin.py:190} INFO - [2025-10-19T03:24:24.096+0000] {dag.py:3239} INFO - Sync 1 DAGs
[2025-10-19T03:24:24.107+0000] {logging_mixin.py:190} INFO - [2025-10-19T03:24:24.107+0000] {dag.py:4180} INFO - Setting next_dagrun for iot_daily_etl to 2025-10-19 00:00:00+00:00, run_after=2025-10-20 00:00:00+00:00
[2025-10-19T03:24:24.119+0000] {processor.py:208} INFO - Processing /opt/airflow/dags/iot_daily_etl.py took 0.351 seconds
[2025-10-19T03:24:54.878+0000] {processor.py:186} INFO - Started process (PID=2135) to work on /opt/airflow/dags/iot_daily_etl.py
[2025-10-19T03:24:54.880+0000] {processor.py:914} INFO - Processing file /opt/airflow/dags/iot_daily_etl.py for tasks to queue
[2025-10-19T03:24:54.881+0000] {logging_mixin.py:190} INFO - [2025-10-19T03:24:54.881+0000] {dagbag.py:588} INFO - Filling up the DagBag from /opt/airflow/dags/iot_daily_etl.py
[2025-10-19T03:24:55.228+0000] {processor.py:925} INFO - DAG(s) 'iot_daily_etl' retrieved from /opt/airflow/dags/iot_daily_etl.py
[2025-10-19T03:24:55.239+0000] {logging_mixin.py:190} INFO - [2025-10-19T03:24:55.238+0000] {dag.py:3239} INFO - Sync 1 DAGs
[2025-10-19T03:24:55.251+0000] {logging_mixin.py:190} INFO - [2025-10-19T03:24:55.251+0000] {dag.py:4180} INFO - Setting next_dagrun for iot_daily_etl to 2025-10-19 00:00:00+00:00, run_after=2025-10-20 00:00:00+00:00
[2025-10-19T03:24:55.264+0000] {processor.py:208} INFO - Processing /opt/airflow/dags/iot_daily_etl.py took 0.390 seconds
[2025-10-19T03:25:25.947+0000] {processor.py:186} INFO - Started process (PID=2158) to work on /opt/airflow/dags/iot_daily_etl.py
[2025-10-19T03:25:25.947+0000] {processor.py:914} INFO - Processing file /opt/airflow/dags/iot_daily_etl.py for tasks to queue
[2025-10-19T03:25:25.948+0000] {logging_mixin.py:190} INFO - [2025-10-19T03:25:25.948+0000] {dagbag.py:588} INFO - Filling up the DagBag from /opt/airflow/dags/iot_daily_etl.py
[2025-10-19T03:25:26.213+0000] {processor.py:925} INFO - DAG(s) 'iot_daily_etl' retrieved from /opt/airflow/dags/iot_daily_etl.py
[2025-10-19T03:25:26.223+0000] {logging_mixin.py:190} INFO - [2025-10-19T03:25:26.223+0000] {dag.py:3239} INFO - Sync 1 DAGs
[2025-10-19T03:25:26.232+0000] {logging_mixin.py:190} INFO - [2025-10-19T03:25:26.232+0000] {dag.py:4180} INFO - Setting next_dagrun for iot_daily_etl to 2025-10-19 00:00:00+00:00, run_after=2025-10-20 00:00:00+00:00
[2025-10-19T03:25:26.247+0000] {processor.py:208} INFO - Processing /opt/airflow/dags/iot_daily_etl.py took 0.304 seconds
[2025-10-19T03:25:56.997+0000] {processor.py:186} INFO - Started process (PID=2188) to work on /opt/airflow/dags/iot_daily_etl.py
[2025-10-19T03:25:56.997+0000] {processor.py:914} INFO - Processing file /opt/airflow/dags/iot_daily_etl.py for tasks to queue
[2025-10-19T03:25:56.999+0000] {logging_mixin.py:190} INFO - [2025-10-19T03:25:56.999+0000] {dagbag.py:588} INFO - Filling up the DagBag from /opt/airflow/dags/iot_daily_etl.py
[2025-10-19T03:25:57.280+0000] {processor.py:925} INFO - DAG(s) 'iot_daily_etl' retrieved from /opt/airflow/dags/iot_daily_etl.py
[2025-10-19T03:25:57.287+0000] {logging_mixin.py:190} INFO - [2025-10-19T03:25:57.287+0000] {dag.py:3239} INFO - Sync 1 DAGs
[2025-10-19T03:25:57.296+0000] {logging_mixin.py:190} INFO - [2025-10-19T03:25:57.295+0000] {dag.py:4180} INFO - Setting next_dagrun for iot_daily_etl to 2025-10-19 00:00:00+00:00, run_after=2025-10-20 00:00:00+00:00
[2025-10-19T03:25:57.310+0000] {processor.py:208} INFO - Processing /opt/airflow/dags/iot_daily_etl.py took 0.317 seconds
[2025-10-19T03:26:28.094+0000] {processor.py:186} INFO - Started process (PID=2211) to work on /opt/airflow/dags/iot_daily_etl.py
[2025-10-19T03:26:28.095+0000] {processor.py:914} INFO - Processing file /opt/airflow/dags/iot_daily_etl.py for tasks to queue
[2025-10-19T03:26:28.098+0000] {logging_mixin.py:190} INFO - [2025-10-19T03:26:28.097+0000] {dagbag.py:588} INFO - Filling up the DagBag from /opt/airflow/dags/iot_daily_etl.py
[2025-10-19T03:26:28.395+0000] {processor.py:925} INFO - DAG(s) 'iot_daily_etl' retrieved from /opt/airflow/dags/iot_daily_etl.py
[2025-10-19T03:26:28.405+0000] {logging_mixin.py:190} INFO - [2025-10-19T03:26:28.405+0000] {dag.py:3239} INFO - Sync 1 DAGs
[2025-10-19T03:26:28.415+0000] {logging_mixin.py:190} INFO - [2025-10-19T03:26:28.415+0000] {dag.py:4180} INFO - Setting next_dagrun for iot_daily_etl to 2025-10-19 00:00:00+00:00, run_after=2025-10-20 00:00:00+00:00
[2025-10-19T03:26:28.434+0000] {processor.py:208} INFO - Processing /opt/airflow/dags/iot_daily_etl.py took 0.345 seconds
[2025-10-19T03:26:59.175+0000] {processor.py:186} INFO - Started process (PID=2240) to work on /opt/airflow/dags/iot_daily_etl.py
[2025-10-19T03:26:59.175+0000] {processor.py:914} INFO - Processing file /opt/airflow/dags/iot_daily_etl.py for tasks to queue
[2025-10-19T03:26:59.176+0000] {logging_mixin.py:190} INFO - [2025-10-19T03:26:59.176+0000] {dagbag.py:588} INFO - Filling up the DagBag from /opt/airflow/dags/iot_daily_etl.py
[2025-10-19T03:26:59.448+0000] {processor.py:925} INFO - DAG(s) 'iot_daily_etl' retrieved from /opt/airflow/dags/iot_daily_etl.py
[2025-10-19T03:26:59.456+0000] {logging_mixin.py:190} INFO - [2025-10-19T03:26:59.456+0000] {dag.py:3239} INFO - Sync 1 DAGs
[2025-10-19T03:26:59.465+0000] {logging_mixin.py:190} INFO - [2025-10-19T03:26:59.465+0000] {dag.py:4180} INFO - Setting next_dagrun for iot_daily_etl to 2025-10-19 00:00:00+00:00, run_after=2025-10-20 00:00:00+00:00
[2025-10-19T03:26:59.477+0000] {processor.py:208} INFO - Processing /opt/airflow/dags/iot_daily_etl.py took 0.307 seconds
[2025-10-19T03:27:30.256+0000] {processor.py:186} INFO - Started process (PID=2270) to work on /opt/airflow/dags/iot_daily_etl.py
[2025-10-19T03:27:30.257+0000] {processor.py:914} INFO - Processing file /opt/airflow/dags/iot_daily_etl.py for tasks to queue
[2025-10-19T03:27:30.258+0000] {logging_mixin.py:190} INFO - [2025-10-19T03:27:30.258+0000] {dagbag.py:588} INFO - Filling up the DagBag from /opt/airflow/dags/iot_daily_etl.py
[2025-10-19T03:27:30.597+0000] {processor.py:925} INFO - DAG(s) 'iot_daily_etl' retrieved from /opt/airflow/dags/iot_daily_etl.py
[2025-10-19T03:27:30.605+0000] {logging_mixin.py:190} INFO - [2025-10-19T03:27:30.605+0000] {dag.py:3239} INFO - Sync 1 DAGs
[2025-10-19T03:27:30.616+0000] {logging_mixin.py:190} INFO - [2025-10-19T03:27:30.616+0000] {dag.py:4180} INFO - Setting next_dagrun for iot_daily_etl to 2025-10-19 00:00:00+00:00, run_after=2025-10-20 00:00:00+00:00
[2025-10-19T03:27:30.631+0000] {processor.py:208} INFO - Processing /opt/airflow/dags/iot_daily_etl.py took 0.379 seconds
[2025-10-19T03:28:01.328+0000] {processor.py:186} INFO - Started process (PID=2293) to work on /opt/airflow/dags/iot_daily_etl.py
[2025-10-19T03:28:01.328+0000] {processor.py:914} INFO - Processing file /opt/airflow/dags/iot_daily_etl.py for tasks to queue
[2025-10-19T03:28:01.330+0000] {logging_mixin.py:190} INFO - [2025-10-19T03:28:01.329+0000] {dagbag.py:588} INFO - Filling up the DagBag from /opt/airflow/dags/iot_daily_etl.py
[2025-10-19T03:28:01.626+0000] {processor.py:925} INFO - DAG(s) 'iot_daily_etl' retrieved from /opt/airflow/dags/iot_daily_etl.py
[2025-10-19T03:28:01.634+0000] {logging_mixin.py:190} INFO - [2025-10-19T03:28:01.634+0000] {dag.py:3239} INFO - Sync 1 DAGs
[2025-10-19T03:28:01.647+0000] {logging_mixin.py:190} INFO - [2025-10-19T03:28:01.647+0000] {dag.py:4180} INFO - Setting next_dagrun for iot_daily_etl to 2025-10-19 00:00:00+00:00, run_after=2025-10-20 00:00:00+00:00
[2025-10-19T03:28:01.660+0000] {processor.py:208} INFO - Processing /opt/airflow/dags/iot_daily_etl.py took 0.337 seconds
[2025-10-19T03:28:32.479+0000] {processor.py:186} INFO - Started process (PID=2322) to work on /opt/airflow/dags/iot_daily_etl.py
[2025-10-19T03:28:32.483+0000] {processor.py:914} INFO - Processing file /opt/airflow/dags/iot_daily_etl.py for tasks to queue
[2025-10-19T03:28:32.485+0000] {logging_mixin.py:190} INFO - [2025-10-19T03:28:32.484+0000] {dagbag.py:588} INFO - Filling up the DagBag from /opt/airflow/dags/iot_daily_etl.py
[2025-10-19T03:28:32.815+0000] {processor.py:925} INFO - DAG(s) 'iot_daily_etl' retrieved from /opt/airflow/dags/iot_daily_etl.py
[2025-10-19T03:28:32.824+0000] {logging_mixin.py:190} INFO - [2025-10-19T03:28:32.824+0000] {dag.py:3239} INFO - Sync 1 DAGs
[2025-10-19T03:28:32.834+0000] {logging_mixin.py:190} INFO - [2025-10-19T03:28:32.833+0000] {dag.py:4180} INFO - Setting next_dagrun for iot_daily_etl to 2025-10-19 00:00:00+00:00, run_after=2025-10-20 00:00:00+00:00
[2025-10-19T03:28:32.846+0000] {processor.py:208} INFO - Processing /opt/airflow/dags/iot_daily_etl.py took 0.371 seconds
[2025-10-19T03:29:03.551+0000] {processor.py:186} INFO - Started process (PID=2345) to work on /opt/airflow/dags/iot_daily_etl.py
[2025-10-19T03:29:03.552+0000] {processor.py:914} INFO - Processing file /opt/airflow/dags/iot_daily_etl.py for tasks to queue
[2025-10-19T03:29:03.553+0000] {logging_mixin.py:190} INFO - [2025-10-19T03:29:03.553+0000] {dagbag.py:588} INFO - Filling up the DagBag from /opt/airflow/dags/iot_daily_etl.py
[2025-10-19T03:29:03.848+0000] {processor.py:925} INFO - DAG(s) 'iot_daily_etl' retrieved from /opt/airflow/dags/iot_daily_etl.py
[2025-10-19T03:29:03.859+0000] {logging_mixin.py:190} INFO - [2025-10-19T03:29:03.858+0000] {dag.py:3239} INFO - Sync 1 DAGs
[2025-10-19T03:29:03.869+0000] {logging_mixin.py:190} INFO - [2025-10-19T03:29:03.869+0000] {dag.py:4180} INFO - Setting next_dagrun for iot_daily_etl to 2025-10-19 00:00:00+00:00, run_after=2025-10-20 00:00:00+00:00
[2025-10-19T03:29:03.886+0000] {processor.py:208} INFO - Processing /opt/airflow/dags/iot_daily_etl.py took 0.339 seconds
[2025-10-19T03:29:34.639+0000] {processor.py:186} INFO - Started process (PID=2375) to work on /opt/airflow/dags/iot_daily_etl.py
[2025-10-19T03:29:34.639+0000] {processor.py:914} INFO - Processing file /opt/airflow/dags/iot_daily_etl.py for tasks to queue
[2025-10-19T03:29:34.641+0000] {logging_mixin.py:190} INFO - [2025-10-19T03:29:34.640+0000] {dagbag.py:588} INFO - Filling up the DagBag from /opt/airflow/dags/iot_daily_etl.py
[2025-10-19T03:29:34.962+0000] {processor.py:925} INFO - DAG(s) 'iot_daily_etl' retrieved from /opt/airflow/dags/iot_daily_etl.py
[2025-10-19T03:29:34.971+0000] {logging_mixin.py:190} INFO - [2025-10-19T03:29:34.970+0000] {dag.py:3239} INFO - Sync 1 DAGs
[2025-10-19T03:29:34.979+0000] {logging_mixin.py:190} INFO - [2025-10-19T03:29:34.979+0000] {dag.py:4180} INFO - Setting next_dagrun for iot_daily_etl to 2025-10-19 00:00:00+00:00, run_after=2025-10-20 00:00:00+00:00
[2025-10-19T03:29:34.991+0000] {processor.py:208} INFO - Processing /opt/airflow/dags/iot_daily_etl.py took 0.356 seconds
[2025-10-19T03:30:05.805+0000] {processor.py:186} INFO - Started process (PID=2404) to work on /opt/airflow/dags/iot_daily_etl.py
[2025-10-19T03:30:05.807+0000] {processor.py:914} INFO - Processing file /opt/airflow/dags/iot_daily_etl.py for tasks to queue
[2025-10-19T03:30:05.809+0000] {logging_mixin.py:190} INFO - [2025-10-19T03:30:05.809+0000] {dagbag.py:588} INFO - Filling up the DagBag from /opt/airflow/dags/iot_daily_etl.py
[2025-10-19T03:30:06.154+0000] {processor.py:925} INFO - DAG(s) 'iot_daily_etl' retrieved from /opt/airflow/dags/iot_daily_etl.py
[2025-10-19T03:30:06.166+0000] {logging_mixin.py:190} INFO - [2025-10-19T03:30:06.165+0000] {dag.py:3239} INFO - Sync 1 DAGs
[2025-10-19T03:30:06.176+0000] {logging_mixin.py:190} INFO - [2025-10-19T03:30:06.176+0000] {dag.py:4180} INFO - Setting next_dagrun for iot_daily_etl to 2025-10-19 00:00:00+00:00, run_after=2025-10-20 00:00:00+00:00
[2025-10-19T03:30:06.192+0000] {processor.py:208} INFO - Processing /opt/airflow/dags/iot_daily_etl.py took 0.396 seconds
[2025-10-19T03:30:36.943+0000] {processor.py:186} INFO - Started process (PID=2427) to work on /opt/airflow/dags/iot_daily_etl.py
[2025-10-19T03:30:36.943+0000] {processor.py:914} INFO - Processing file /opt/airflow/dags/iot_daily_etl.py for tasks to queue
[2025-10-19T03:30:36.950+0000] {logging_mixin.py:190} INFO - [2025-10-19T03:30:36.949+0000] {dagbag.py:588} INFO - Filling up the DagBag from /opt/airflow/dags/iot_daily_etl.py
[2025-10-19T03:30:37.312+0000] {processor.py:925} INFO - DAG(s) 'iot_daily_etl' retrieved from /opt/airflow/dags/iot_daily_etl.py
[2025-10-19T03:30:37.320+0000] {logging_mixin.py:190} INFO - [2025-10-19T03:30:37.320+0000] {dag.py:3239} INFO - Sync 1 DAGs
[2025-10-19T03:30:37.329+0000] {logging_mixin.py:190} INFO - [2025-10-19T03:30:37.329+0000] {dag.py:4180} INFO - Setting next_dagrun for iot_daily_etl to 2025-10-19 00:00:00+00:00, run_after=2025-10-20 00:00:00+00:00
[2025-10-19T03:30:37.346+0000] {processor.py:208} INFO - Processing /opt/airflow/dags/iot_daily_etl.py took 0.409 seconds
[2025-10-19T03:31:08.018+0000] {processor.py:186} INFO - Started process (PID=2457) to work on /opt/airflow/dags/iot_daily_etl.py
[2025-10-19T03:31:08.019+0000] {processor.py:914} INFO - Processing file /opt/airflow/dags/iot_daily_etl.py for tasks to queue
[2025-10-19T03:31:08.020+0000] {logging_mixin.py:190} INFO - [2025-10-19T03:31:08.020+0000] {dagbag.py:588} INFO - Filling up the DagBag from /opt/airflow/dags/iot_daily_etl.py
[2025-10-19T03:31:08.324+0000] {processor.py:925} INFO - DAG(s) 'iot_daily_etl' retrieved from /opt/airflow/dags/iot_daily_etl.py
[2025-10-19T03:31:08.332+0000] {logging_mixin.py:190} INFO - [2025-10-19T03:31:08.332+0000] {dag.py:3239} INFO - Sync 1 DAGs
[2025-10-19T03:31:08.342+0000] {logging_mixin.py:190} INFO - [2025-10-19T03:31:08.342+0000] {dag.py:4180} INFO - Setting next_dagrun for iot_daily_etl to 2025-10-19 00:00:00+00:00, run_after=2025-10-20 00:00:00+00:00
[2025-10-19T03:31:08.356+0000] {processor.py:208} INFO - Processing /opt/airflow/dags/iot_daily_etl.py took 0.342 seconds
[2025-10-19T03:31:39.107+0000] {processor.py:186} INFO - Started process (PID=2480) to work on /opt/airflow/dags/iot_daily_etl.py
[2025-10-19T03:31:39.111+0000] {processor.py:914} INFO - Processing file /opt/airflow/dags/iot_daily_etl.py for tasks to queue
[2025-10-19T03:31:39.112+0000] {logging_mixin.py:190} INFO - [2025-10-19T03:31:39.112+0000] {dagbag.py:588} INFO - Filling up the DagBag from /opt/airflow/dags/iot_daily_etl.py
[2025-10-19T03:31:39.418+0000] {processor.py:925} INFO - DAG(s) 'iot_daily_etl' retrieved from /opt/airflow/dags/iot_daily_etl.py
[2025-10-19T03:31:39.428+0000] {logging_mixin.py:190} INFO - [2025-10-19T03:31:39.428+0000] {dag.py:3239} INFO - Sync 1 DAGs
[2025-10-19T03:31:39.439+0000] {logging_mixin.py:190} INFO - [2025-10-19T03:31:39.438+0000] {dag.py:4180} INFO - Setting next_dagrun for iot_daily_etl to 2025-10-19 00:00:00+00:00, run_after=2025-10-20 00:00:00+00:00
[2025-10-19T03:31:39.451+0000] {processor.py:208} INFO - Processing /opt/airflow/dags/iot_daily_etl.py took 0.348 seconds
[2025-10-19T03:32:10.239+0000] {processor.py:186} INFO - Started process (PID=2510) to work on /opt/airflow/dags/iot_daily_etl.py
[2025-10-19T03:32:10.241+0000] {processor.py:914} INFO - Processing file /opt/airflow/dags/iot_daily_etl.py for tasks to queue
[2025-10-19T03:32:10.242+0000] {logging_mixin.py:190} INFO - [2025-10-19T03:32:10.242+0000] {dagbag.py:588} INFO - Filling up the DagBag from /opt/airflow/dags/iot_daily_etl.py
[2025-10-19T03:32:10.525+0000] {processor.py:925} INFO - DAG(s) 'iot_daily_etl' retrieved from /opt/airflow/dags/iot_daily_etl.py
[2025-10-19T03:32:10.535+0000] {logging_mixin.py:190} INFO - [2025-10-19T03:32:10.534+0000] {dag.py:3239} INFO - Sync 1 DAGs
[2025-10-19T03:32:10.550+0000] {logging_mixin.py:190} INFO - [2025-10-19T03:32:10.549+0000] {dag.py:4180} INFO - Setting next_dagrun for iot_daily_etl to 2025-10-19 00:00:00+00:00, run_after=2025-10-20 00:00:00+00:00
[2025-10-19T03:32:10.568+0000] {processor.py:208} INFO - Processing /opt/airflow/dags/iot_daily_etl.py took 0.332 seconds
[2025-10-19T03:32:41.409+0000] {processor.py:186} INFO - Started process (PID=2538) to work on /opt/airflow/dags/iot_daily_etl.py
[2025-10-19T03:32:41.411+0000] {processor.py:914} INFO - Processing file /opt/airflow/dags/iot_daily_etl.py for tasks to queue
[2025-10-19T03:32:41.413+0000] {logging_mixin.py:190} INFO - [2025-10-19T03:32:41.412+0000] {dagbag.py:588} INFO - Filling up the DagBag from /opt/airflow/dags/iot_daily_etl.py
[2025-10-19T03:32:41.757+0000] {processor.py:925} INFO - DAG(s) 'iot_daily_etl' retrieved from /opt/airflow/dags/iot_daily_etl.py
[2025-10-19T03:32:41.766+0000] {logging_mixin.py:190} INFO - [2025-10-19T03:32:41.765+0000] {dag.py:3239} INFO - Sync 1 DAGs
[2025-10-19T03:32:41.775+0000] {logging_mixin.py:190} INFO - [2025-10-19T03:32:41.775+0000] {dag.py:4180} INFO - Setting next_dagrun for iot_daily_etl to 2025-10-19 00:00:00+00:00, run_after=2025-10-20 00:00:00+00:00
[2025-10-19T03:32:41.787+0000] {processor.py:208} INFO - Processing /opt/airflow/dags/iot_daily_etl.py took 0.381 seconds
[2025-10-19T03:33:12.476+0000] {processor.py:186} INFO - Started process (PID=2561) to work on /opt/airflow/dags/iot_daily_etl.py
[2025-10-19T03:33:12.476+0000] {processor.py:914} INFO - Processing file /opt/airflow/dags/iot_daily_etl.py for tasks to queue
[2025-10-19T03:33:12.478+0000] {logging_mixin.py:190} INFO - [2025-10-19T03:33:12.477+0000] {dagbag.py:588} INFO - Filling up the DagBag from /opt/airflow/dags/iot_daily_etl.py
[2025-10-19T03:33:12.817+0000] {processor.py:925} INFO - DAG(s) 'iot_daily_etl' retrieved from /opt/airflow/dags/iot_daily_etl.py
[2025-10-19T03:33:12.826+0000] {logging_mixin.py:190} INFO - [2025-10-19T03:33:12.825+0000] {dag.py:3239} INFO - Sync 1 DAGs
[2025-10-19T03:33:12.835+0000] {logging_mixin.py:190} INFO - [2025-10-19T03:33:12.835+0000] {dag.py:4180} INFO - Setting next_dagrun for iot_daily_etl to 2025-10-19 00:00:00+00:00, run_after=2025-10-20 00:00:00+00:00
[2025-10-19T03:33:12.847+0000] {processor.py:208} INFO - Processing /opt/airflow/dags/iot_daily_etl.py took 0.376 seconds
[2025-10-19T03:33:43.589+0000] {processor.py:186} INFO - Started process (PID=2590) to work on /opt/airflow/dags/iot_daily_etl.py
[2025-10-19T03:33:43.590+0000] {processor.py:914} INFO - Processing file /opt/airflow/dags/iot_daily_etl.py for tasks to queue
[2025-10-19T03:33:43.591+0000] {logging_mixin.py:190} INFO - [2025-10-19T03:33:43.591+0000] {dagbag.py:588} INFO - Filling up the DagBag from /opt/airflow/dags/iot_daily_etl.py
[2025-10-19T03:33:43.874+0000] {processor.py:925} INFO - DAG(s) 'iot_daily_etl' retrieved from /opt/airflow/dags/iot_daily_etl.py
[2025-10-19T03:33:43.883+0000] {logging_mixin.py:190} INFO - [2025-10-19T03:33:43.883+0000] {dag.py:3239} INFO - Sync 1 DAGs
[2025-10-19T03:33:43.893+0000] {logging_mixin.py:190} INFO - [2025-10-19T03:33:43.893+0000] {dag.py:4180} INFO - Setting next_dagrun for iot_daily_etl to 2025-10-19 00:00:00+00:00, run_after=2025-10-20 00:00:00+00:00
[2025-10-19T03:33:43.909+0000] {processor.py:208} INFO - Processing /opt/airflow/dags/iot_daily_etl.py took 0.323 seconds
[2025-10-19T03:34:14.725+0000] {processor.py:186} INFO - Started process (PID=2619) to work on /opt/airflow/dags/iot_daily_etl.py
[2025-10-19T03:34:14.727+0000] {processor.py:914} INFO - Processing file /opt/airflow/dags/iot_daily_etl.py for tasks to queue
[2025-10-19T03:34:14.729+0000] {logging_mixin.py:190} INFO - [2025-10-19T03:34:14.728+0000] {dagbag.py:588} INFO - Filling up the DagBag from /opt/airflow/dags/iot_daily_etl.py
[2025-10-19T03:34:15.035+0000] {processor.py:925} INFO - DAG(s) 'iot_daily_etl' retrieved from /opt/airflow/dags/iot_daily_etl.py
[2025-10-19T03:34:15.044+0000] {logging_mixin.py:190} INFO - [2025-10-19T03:34:15.044+0000] {dag.py:3239} INFO - Sync 1 DAGs
[2025-10-19T03:34:15.055+0000] {logging_mixin.py:190} INFO - [2025-10-19T03:34:15.054+0000] {dag.py:4180} INFO - Setting next_dagrun for iot_daily_etl to 2025-10-19 00:00:00+00:00, run_after=2025-10-20 00:00:00+00:00
[2025-10-19T03:34:15.071+0000] {processor.py:208} INFO - Processing /opt/airflow/dags/iot_daily_etl.py took 0.349 seconds
[2025-10-19T03:34:45.869+0000] {processor.py:186} INFO - Started process (PID=2643) to work on /opt/airflow/dags/iot_daily_etl.py
[2025-10-19T03:34:45.870+0000] {processor.py:914} INFO - Processing file /opt/airflow/dags/iot_daily_etl.py for tasks to queue
[2025-10-19T03:34:45.872+0000] {logging_mixin.py:190} INFO - [2025-10-19T03:34:45.871+0000] {dagbag.py:588} INFO - Filling up the DagBag from /opt/airflow/dags/iot_daily_etl.py
[2025-10-19T03:34:46.229+0000] {processor.py:925} INFO - DAG(s) 'iot_daily_etl' retrieved from /opt/airflow/dags/iot_daily_etl.py
[2025-10-19T03:34:46.241+0000] {logging_mixin.py:190} INFO - [2025-10-19T03:34:46.241+0000] {dag.py:3239} INFO - Sync 1 DAGs
[2025-10-19T03:34:46.257+0000] {logging_mixin.py:190} INFO - [2025-10-19T03:34:46.257+0000] {dag.py:4180} INFO - Setting next_dagrun for iot_daily_etl to 2025-10-19 00:00:00+00:00, run_after=2025-10-20 00:00:00+00:00
[2025-10-19T03:34:46.272+0000] {processor.py:208} INFO - Processing /opt/airflow/dags/iot_daily_etl.py took 0.407 seconds
[2025-10-19T03:35:16.963+0000] {processor.py:186} INFO - Started process (PID=2673) to work on /opt/airflow/dags/iot_daily_etl.py
[2025-10-19T03:35:16.964+0000] {processor.py:914} INFO - Processing file /opt/airflow/dags/iot_daily_etl.py for tasks to queue
[2025-10-19T03:35:16.965+0000] {logging_mixin.py:190} INFO - [2025-10-19T03:35:16.965+0000] {dagbag.py:588} INFO - Filling up the DagBag from /opt/airflow/dags/iot_daily_etl.py
[2025-10-19T03:35:17.251+0000] {processor.py:925} INFO - DAG(s) 'iot_daily_etl' retrieved from /opt/airflow/dags/iot_daily_etl.py
[2025-10-19T03:35:17.260+0000] {logging_mixin.py:190} INFO - [2025-10-19T03:35:17.259+0000] {dag.py:3239} INFO - Sync 1 DAGs
[2025-10-19T03:35:17.270+0000] {logging_mixin.py:190} INFO - [2025-10-19T03:35:17.270+0000] {dag.py:4180} INFO - Setting next_dagrun for iot_daily_etl to 2025-10-19 00:00:00+00:00, run_after=2025-10-20 00:00:00+00:00
[2025-10-19T03:35:17.284+0000] {processor.py:208} INFO - Processing /opt/airflow/dags/iot_daily_etl.py took 0.324 seconds
[2025-10-19T03:35:48.079+0000] {processor.py:186} INFO - Started process (PID=2695) to work on /opt/airflow/dags/iot_daily_etl.py
[2025-10-19T03:35:48.084+0000] {processor.py:914} INFO - Processing file /opt/airflow/dags/iot_daily_etl.py for tasks to queue
[2025-10-19T03:35:48.085+0000] {logging_mixin.py:190} INFO - [2025-10-19T03:35:48.085+0000] {dagbag.py:588} INFO - Filling up the DagBag from /opt/airflow/dags/iot_daily_etl.py
[2025-10-19T03:35:48.371+0000] {processor.py:925} INFO - DAG(s) 'iot_daily_etl' retrieved from /opt/airflow/dags/iot_daily_etl.py
[2025-10-19T03:35:48.380+0000] {logging_mixin.py:190} INFO - [2025-10-19T03:35:48.380+0000] {dag.py:3239} INFO - Sync 1 DAGs
[2025-10-19T03:35:48.391+0000] {logging_mixin.py:190} INFO - [2025-10-19T03:35:48.391+0000] {dag.py:4180} INFO - Setting next_dagrun for iot_daily_etl to 2025-10-19 00:00:00+00:00, run_after=2025-10-20 00:00:00+00:00
[2025-10-19T03:35:48.410+0000] {processor.py:208} INFO - Processing /opt/airflow/dags/iot_daily_etl.py took 0.334 seconds
[2025-10-19T03:36:18.654+0000] {processor.py:186} INFO - Started process (PID=2726) to work on /opt/airflow/dags/iot_daily_etl.py
[2025-10-19T03:36:18.656+0000] {processor.py:914} INFO - Processing file /opt/airflow/dags/iot_daily_etl.py for tasks to queue
[2025-10-19T03:36:18.657+0000] {logging_mixin.py:190} INFO - [2025-10-19T03:36:18.657+0000] {dagbag.py:588} INFO - Filling up the DagBag from /opt/airflow/dags/iot_daily_etl.py
[2025-10-19T03:36:18.948+0000] {processor.py:925} INFO - DAG(s) 'iot_daily_etl' retrieved from /opt/airflow/dags/iot_daily_etl.py
[2025-10-19T03:36:18.957+0000] {logging_mixin.py:190} INFO - [2025-10-19T03:36:18.957+0000] {dag.py:3239} INFO - Sync 1 DAGs
[2025-10-19T03:36:18.967+0000] {logging_mixin.py:190} INFO - [2025-10-19T03:36:18.967+0000] {dag.py:4180} INFO - Setting next_dagrun for iot_daily_etl to 2025-10-19 00:00:00+00:00, run_after=2025-10-20 00:00:00+00:00
[2025-10-19T03:36:18.983+0000] {processor.py:208} INFO - Processing /opt/airflow/dags/iot_daily_etl.py took 0.333 seconds
[2025-10-19T03:36:49.911+0000] {processor.py:186} INFO - Started process (PID=2749) to work on /opt/airflow/dags/iot_daily_etl.py
[2025-10-19T03:36:49.912+0000] {processor.py:914} INFO - Processing file /opt/airflow/dags/iot_daily_etl.py for tasks to queue
[2025-10-19T03:36:49.914+0000] {logging_mixin.py:190} INFO - [2025-10-19T03:36:49.914+0000] {dagbag.py:588} INFO - Filling up the DagBag from /opt/airflow/dags/iot_daily_etl.py
[2025-10-19T03:36:50.250+0000] {processor.py:925} INFO - DAG(s) 'iot_daily_etl' retrieved from /opt/airflow/dags/iot_daily_etl.py
[2025-10-19T03:36:50.258+0000] {logging_mixin.py:190} INFO - [2025-10-19T03:36:50.258+0000] {dag.py:3239} INFO - Sync 1 DAGs
[2025-10-19T03:36:50.269+0000] {logging_mixin.py:190} INFO - [2025-10-19T03:36:50.269+0000] {dag.py:4180} INFO - Setting next_dagrun for iot_daily_etl to 2025-10-19 00:00:00+00:00, run_after=2025-10-20 00:00:00+00:00
[2025-10-19T03:36:50.281+0000] {processor.py:208} INFO - Processing /opt/airflow/dags/iot_daily_etl.py took 0.376 seconds
[2025-10-19T03:37:21.005+0000] {processor.py:186} INFO - Started process (PID=2779) to work on /opt/airflow/dags/iot_daily_etl.py
[2025-10-19T03:37:21.005+0000] {processor.py:914} INFO - Processing file /opt/airflow/dags/iot_daily_etl.py for tasks to queue
[2025-10-19T03:37:21.007+0000] {logging_mixin.py:190} INFO - [2025-10-19T03:37:21.007+0000] {dagbag.py:588} INFO - Filling up the DagBag from /opt/airflow/dags/iot_daily_etl.py
[2025-10-19T03:37:21.348+0000] {processor.py:925} INFO - DAG(s) 'iot_daily_etl' retrieved from /opt/airflow/dags/iot_daily_etl.py
[2025-10-19T03:37:21.359+0000] {logging_mixin.py:190} INFO - [2025-10-19T03:37:21.358+0000] {dag.py:3239} INFO - Sync 1 DAGs
[2025-10-19T03:37:21.369+0000] {logging_mixin.py:190} INFO - [2025-10-19T03:37:21.369+0000] {dag.py:4180} INFO - Setting next_dagrun for iot_daily_etl to 2025-10-19 00:00:00+00:00, run_after=2025-10-20 00:00:00+00:00
[2025-10-19T03:37:21.383+0000] {processor.py:208} INFO - Processing /opt/airflow/dags/iot_daily_etl.py took 0.385 seconds
[2025-10-19T03:37:52.112+0000] {processor.py:186} INFO - Started process (PID=2808) to work on /opt/airflow/dags/iot_daily_etl.py
[2025-10-19T03:37:52.112+0000] {processor.py:914} INFO - Processing file /opt/airflow/dags/iot_daily_etl.py for tasks to queue
[2025-10-19T03:37:52.114+0000] {logging_mixin.py:190} INFO - [2025-10-19T03:37:52.113+0000] {dagbag.py:588} INFO - Filling up the DagBag from /opt/airflow/dags/iot_daily_etl.py
[2025-10-19T03:37:52.385+0000] {processor.py:925} INFO - DAG(s) 'iot_daily_etl' retrieved from /opt/airflow/dags/iot_daily_etl.py
[2025-10-19T03:37:52.394+0000] {logging_mixin.py:190} INFO - [2025-10-19T03:37:52.393+0000] {dag.py:3239} INFO - Sync 1 DAGs
[2025-10-19T03:37:52.402+0000] {logging_mixin.py:190} INFO - [2025-10-19T03:37:52.402+0000] {dag.py:4180} INFO - Setting next_dagrun for iot_daily_etl to 2025-10-19 00:00:00+00:00, run_after=2025-10-20 00:00:00+00:00
[2025-10-19T03:37:52.413+0000] {processor.py:208} INFO - Processing /opt/airflow/dags/iot_daily_etl.py took 0.306 seconds
[2025-10-19T03:38:23.234+0000] {processor.py:186} INFO - Started process (PID=2831) to work on /opt/airflow/dags/iot_daily_etl.py
[2025-10-19T03:38:23.235+0000] {processor.py:914} INFO - Processing file /opt/airflow/dags/iot_daily_etl.py for tasks to queue
[2025-10-19T03:38:23.238+0000] {logging_mixin.py:190} INFO - [2025-10-19T03:38:23.237+0000] {dagbag.py:588} INFO - Filling up the DagBag from /opt/airflow/dags/iot_daily_etl.py
[2025-10-19T03:38:23.556+0000] {processor.py:925} INFO - DAG(s) 'iot_daily_etl' retrieved from /opt/airflow/dags/iot_daily_etl.py
[2025-10-19T03:38:23.566+0000] {logging_mixin.py:190} INFO - [2025-10-19T03:38:23.565+0000] {dag.py:3239} INFO - Sync 1 DAGs
[2025-10-19T03:38:23.574+0000] {logging_mixin.py:190} INFO - [2025-10-19T03:38:23.574+0000] {dag.py:4180} INFO - Setting next_dagrun for iot_daily_etl to 2025-10-19 00:00:00+00:00, run_after=2025-10-20 00:00:00+00:00
[2025-10-19T03:38:23.586+0000] {processor.py:208} INFO - Processing /opt/airflow/dags/iot_daily_etl.py took 0.358 seconds
